ROT-13 GPU tests
Tamanho do Arquivo: 518634 
WC Time ALLOCATION: 0.053105
CPU Time ALLOCATION: 0.052461

WC Time ALGORITHM: 0.000635
CPU Time ALGORITHM: 0.000631

WC Time IO OPERATION: 0.002768
CPU Time IO OPERATION: 0.002759

Total WC Time: 0.056509
Total CPU Time: 0.055851

ROT-13 GPU tests
Tamanho do Arquivo: 518634 
WC Time ALLOCATION: 0.051722
CPU Time ALLOCATION: 0.050893

WC Time ALGORITHM: 0.000626
CPU Time ALGORITHM: 0.000625

WC Time IO OPERATION: 0.002712
CPU Time IO OPERATION: 0.002701

Total WC Time: 0.055059
Total CPU Time: 0.054219

ROT-13 GPU tests
Tamanho do Arquivo: 518634 
WC Time ALLOCATION: 0.051104
CPU Time ALLOCATION: 0.049314

WC Time ALGORITHM: 0.000700
CPU Time ALGORITHM: 0.000662

WC Time IO OPERATION: 0.002629
CPU Time IO OPERATION: 0.002620

Total WC Time: 0.054433
Total CPU Time: 0.052596

