ROT-13 GPU tests
Tamanho do Arquivo: 12910034 
WC Time ALLOCATION: 0.244937
CPU Time ALLOCATION: 0.242339

WC Time ALGORITHM: 0.012433
CPU Time ALGORITHM: 0.012362

WC Time IO OPERATION: 0.013330
CPU Time IO OPERATION: 0.013179

Total WC Time: 0.270701
Total CPU Time: 0.267880

ROT-13 GPU tests
Tamanho do Arquivo: 12910034 
WC Time ALLOCATION: 0.241848
CPU Time ALLOCATION: 0.240794

WC Time ALGORITHM: 0.012613
CPU Time ALGORITHM: 0.012583

WC Time IO OPERATION: 0.013692
CPU Time IO OPERATION: 0.013652

Total WC Time: 0.268153
Total CPU Time: 0.267029

ROT-13 GPU tests
Tamanho do Arquivo: 12910034 
WC Time ALLOCATION: 0.239925
CPU Time ALLOCATION: 0.238297

WC Time ALGORITHM: 0.012878
CPU Time ALGORITHM: 0.012721

WC Time IO OPERATION: 0.080980
CPU Time IO OPERATION: 0.016382

Total WC Time: 0.333783
Total CPU Time: 0.267400

