ROT-13 GPU tests
Tamanho do Arquivo: 32164470 
WC Time ALLOCATION: 1.460687
CPU Time ALLOCATION: 0.537745

WC Time ALGORITHM: 0.030802
CPU Time ALGORITHM: 0.030740

WC Time IO OPERATION: 0.035663
CPU Time IO OPERATION: 0.035580

Total WC Time: 1.527151
Total CPU Time: 0.604065

ROT-13 GPU tests
Tamanho do Arquivo: 32164470 
WC Time ALLOCATION: 1.464405
CPU Time ALLOCATION: 0.532235

WC Time ALGORITHM: 0.030977
CPU Time ALGORITHM: 0.030763

WC Time IO OPERATION: 0.036105
CPU Time IO OPERATION: 0.035838

Total WC Time: 1.531486
Total CPU Time: 0.598836

ROT-13 GPU tests
Tamanho do Arquivo: 32164470 
WC Time ALLOCATION: 0.532991
CPU Time ALLOCATION: 0.531648

WC Time ALGORITHM: 0.030627
CPU Time ALGORITHM: 0.030572

WC Time IO OPERATION: 0.036134
CPU Time IO OPERATION: 0.036041

Total WC Time: 0.599752
Total CPU Time: 0.598261

