ROT-13 GPU tests
Tamanho do Arquivo: 40845796 
WC Time ALLOCATION: 1.313933
CPU Time ALLOCATION: 0.684211

WC Time ALGORITHM: 0.039478
CPU Time ALGORITHM: 0.039405

WC Time IO OPERATION: 0.048567
CPU Time IO OPERATION: 0.048461

Total WC Time: 1.401978
Total CPU Time: 0.772077

ROT-13 GPU tests
Tamanho do Arquivo: 40845796 
WC Time ALLOCATION: 0.666562
CPU Time ALLOCATION: 0.662947

WC Time ALGORITHM: 0.039649
CPU Time ALGORITHM: 0.039504

WC Time IO OPERATION: 0.047969
CPU Time IO OPERATION: 0.047660

Total WC Time: 0.754179
Total CPU Time: 0.750111

ROT-13 GPU tests
Tamanho do Arquivo: 40845796 
WC Time ALLOCATION: 0.667352
CPU Time ALLOCATION: 0.663372

WC Time ALGORITHM: 0.039290
CPU Time ALGORITHM: 0.039029

WC Time IO OPERATION: 0.047983
CPU Time IO OPERATION: 0.047642

Total WC Time: 0.754626
Total CPU Time: 0.750043

