ROT-13 GPU tests
Tamanho do Arquivo: 1580879 
WC Time ALLOCATION: 0.066532
CPU Time ALLOCATION: 0.065720

WC Time ALGORITHM: 0.002104
CPU Time ALGORITHM: 0.002097

WC Time IO OPERATION: 0.001815
CPU Time IO OPERATION: 0.001809

Total WC Time: 0.070451
Total CPU Time: 0.069626

ROT-13 GPU tests
Tamanho do Arquivo: 1580879 
WC Time ALLOCATION: 0.067567
CPU Time ALLOCATION: 0.066731

WC Time ALGORITHM: 0.002196
CPU Time ALGORITHM: 0.002175

WC Time IO OPERATION: 0.001809
CPU Time IO OPERATION: 0.001800

Total WC Time: 0.071573
Total CPU Time: 0.070706

ROT-13 GPU tests
Tamanho do Arquivo: 1580879 
WC Time ALLOCATION: 0.066826
CPU Time ALLOCATION: 0.065695

WC Time ALGORITHM: 0.002120
CPU Time ALGORITHM: 0.002111

WC Time IO OPERATION: 0.001838
CPU Time IO OPERATION: 0.001830

Total WC Time: 0.070784
Total CPU Time: 0.069636

