ROT-13 GPU tests
Tamanho do Arquivo: 806878 
WC Time ALLOCATION: 1.857537
CPU Time ALLOCATION: 0.096980

WC Time ALGORITHM: 0.002530
CPU Time ALGORITHM: 0.002529

WC Time IO OPERATION: 0.002738
CPU Time IO OPERATION: 0.002738

Total WC Time: 1.862804
Total CPU Time: 0.102247

ROT-13 GPU tests
Tamanho do Arquivo: 806878 
WC Time ALLOCATION: 0.147134
CPU Time ALLOCATION: 0.100875

WC Time ALGORITHM: 0.002502
CPU Time ALGORITHM: 0.002502

WC Time IO OPERATION: 0.002795
CPU Time IO OPERATION: 0.002795

Total WC Time: 0.152430
Total CPU Time: 0.106172

ROT-13 GPU tests
Tamanho do Arquivo: 806878 
WC Time ALLOCATION: 0.141923
CPU Time ALLOCATION: 0.095762

WC Time ALGORITHM: 0.002497
CPU Time ALGORITHM: 0.002497

WC Time IO OPERATION: 0.002830
CPU Time IO OPERATION: 0.002830

Total WC Time: 0.147251
Total CPU Time: 0.101089

ROT-13 GPU tests
Tamanho do Arquivo: 806878 
WC Time ALLOCATION: 0.144821
CPU Time ALLOCATION: 0.098439

WC Time ALGORITHM: 0.002544
CPU Time ALGORITHM: 0.002544

WC Time IO OPERATION: 0.002803
CPU Time IO OPERATION: 0.002804

Total WC Time: 0.150168
Total CPU Time: 0.103787

ROT-13 GPU tests
Tamanho do Arquivo: 806878 
WC Time ALLOCATION: 0.142324
CPU Time ALLOCATION: 0.096236

WC Time ALGORITHM: 0.002480
CPU Time ALGORITHM: 0.002480

WC Time IO OPERATION: 0.002737
CPU Time IO OPERATION: 0.002737

Total WC Time: 0.147541
Total CPU Time: 0.101453

ROT-13 GPU tests
Tamanho do Arquivo: 806878 
WC Time ALLOCATION: 0.143109
CPU Time ALLOCATION: 0.098057

WC Time ALGORITHM: 0.002488
CPU Time ALGORITHM: 0.002488

WC Time IO OPERATION: 0.002736
CPU Time IO OPERATION: 0.002737

Total WC Time: 0.148334
Total CPU Time: 0.103282

ROT-13 GPU tests
Tamanho do Arquivo: 806878 
WC Time ALLOCATION: 0.145724
CPU Time ALLOCATION: 0.097985

WC Time ALGORITHM: 0.002525
CPU Time ALGORITHM: 0.002525

WC Time IO OPERATION: 0.002771
CPU Time IO OPERATION: 0.002772

Total WC Time: 0.151020
Total CPU Time: 0.103282

ROT-13 GPU tests
Tamanho do Arquivo: 806878 
WC Time ALLOCATION: 0.144249
CPU Time ALLOCATION: 0.099852

WC Time ALGORITHM: 0.002500
CPU Time ALGORITHM: 0.002500

WC Time IO OPERATION: 0.002892
CPU Time IO OPERATION: 0.002892

Total WC Time: 0.149642
Total CPU Time: 0.105244

ROT-13 GPU tests
Tamanho do Arquivo: 806878 
WC Time ALLOCATION: 1.854212
CPU Time ALLOCATION: 0.096917

WC Time ALGORITHM: 0.002546
CPU Time ALGORITHM: 0.002546

WC Time IO OPERATION: 0.002944
CPU Time IO OPERATION: 0.002944

Total WC Time: 1.859702
Total CPU Time: 0.102407

ROT-13 GPU tests
Tamanho do Arquivo: 806878 
WC Time ALLOCATION: 0.143604
CPU Time ALLOCATION: 0.098767

WC Time ALGORITHM: 0.002489
CPU Time ALGORITHM: 0.002489

WC Time IO OPERATION: 0.002743
CPU Time IO OPERATION: 0.002743

Total WC Time: 0.148836
Total CPU Time: 0.103999

ROT-13 GPU tests
Tamanho do Arquivo: 806878 
WC Time ALLOCATION: 0.383557
CPU Time ALLOCATION: 0.114240

WC Time ALGORITHM: 0.002615
CPU Time ALGORITHM: 0.002616

WC Time IO OPERATION: 0.003652
CPU Time IO OPERATION: 0.003653

Total WC Time: 0.389824
Total CPU Time: 0.120509

ROT-13 GPU tests
Tamanho do Arquivo: 806878 
WC Time ALLOCATION: 0.143370
CPU Time ALLOCATION: 0.098416

WC Time ALGORITHM: 0.002480
CPU Time ALGORITHM: 0.002480

WC Time IO OPERATION: 0.002747
CPU Time IO OPERATION: 0.002747

Total WC Time: 0.148597
Total CPU Time: 0.103643

ROT-13 GPU tests
Tamanho do Arquivo: 806878 
WC Time ALLOCATION: 0.143755
CPU Time ALLOCATION: 0.096735

WC Time ALGORITHM: 0.002534
CPU Time ALGORITHM: 0.002534

WC Time IO OPERATION: 0.002645
CPU Time IO OPERATION: 0.002644

Total WC Time: 0.148933
Total CPU Time: 0.101913

ROT-13 GPU tests
Tamanho do Arquivo: 806878 
WC Time ALLOCATION: 0.144915
CPU Time ALLOCATION: 0.098006

WC Time ALGORITHM: 0.002536
CPU Time ALGORITHM: 0.002536

WC Time IO OPERATION: 0.002709
CPU Time IO OPERATION: 0.002709

Total WC Time: 0.150159
Total CPU Time: 0.103251

ROT-13 GPU tests
Tamanho do Arquivo: 806878 
WC Time ALLOCATION: 1.856781
CPU Time ALLOCATION: 0.093609

WC Time ALGORITHM: 0.002466
CPU Time ALGORITHM: 0.002466

WC Time IO OPERATION: 0.002827
CPU Time IO OPERATION: 0.002826

Total WC Time: 1.862074
Total CPU Time: 0.098901

ROT-13 GPU tests
Tamanho do Arquivo: 806878 
WC Time ALLOCATION: 0.144459
CPU Time ALLOCATION: 0.099674

WC Time ALGORITHM: 0.002483
CPU Time ALGORITHM: 0.002482

WC Time IO OPERATION: 0.002765
CPU Time IO OPERATION: 0.002766

Total WC Time: 0.149707
Total CPU Time: 0.104922

ROT-13 GPU tests
Tamanho do Arquivo: 806878 
WC Time ALLOCATION: 0.142963
CPU Time ALLOCATION: 0.097193

WC Time ALGORITHM: 0.002504
CPU Time ALGORITHM: 0.002505

WC Time IO OPERATION: 0.002674
CPU Time IO OPERATION: 0.002674

Total WC Time: 0.148141
Total CPU Time: 0.102372

ROT-13 GPU tests
Tamanho do Arquivo: 806878 
WC Time ALLOCATION: 0.147884
CPU Time ALLOCATION: 0.102211

WC Time ALGORITHM: 0.002472
CPU Time ALGORITHM: 0.002472

WC Time IO OPERATION: 0.002749
CPU Time IO OPERATION: 0.002749

Total WC Time: 0.153105
Total CPU Time: 0.107432

ROT-13 GPU tests
Tamanho do Arquivo: 806878 
WC Time ALLOCATION: 0.142629
CPU Time ALLOCATION: 0.094789

WC Time ALGORITHM: 0.002470
CPU Time ALGORITHM: 0.002470

WC Time IO OPERATION: 0.002681
CPU Time IO OPERATION: 0.002681

Total WC Time: 0.147780
Total CPU Time: 0.099940

ROT-13 GPU tests
Tamanho do Arquivo: 806878 
WC Time ALLOCATION: 0.146929
CPU Time ALLOCATION: 0.101276

WC Time ALGORITHM: 0.002472
CPU Time ALGORITHM: 0.002472

WC Time IO OPERATION: 0.002698
CPU Time IO OPERATION: 0.002698

Total WC Time: 0.152099
Total CPU Time: 0.106446

