ROT-13 GPU tests
Tamanho do Arquivo: 1276799 
WC Time ALLOCATION: 0.151088
CPU Time ALLOCATION: 0.106036

WC Time ALGORITHM: 0.003751
CPU Time ALGORITHM: 0.003748

WC Time IO OPERATION: 0.001371
CPU Time IO OPERATION: 0.001370

Total WC Time: 0.156210
Total CPU Time: 0.111154

ROT-13 GPU tests
Tamanho do Arquivo: 1276799 
WC Time ALLOCATION: 0.154863
CPU Time ALLOCATION: 0.108519

WC Time ALGORITHM: 0.003843
CPU Time ALGORITHM: 0.003843

WC Time IO OPERATION: 0.001401
CPU Time IO OPERATION: 0.001401

Total WC Time: 0.160106
Total CPU Time: 0.113763

ROT-13 GPU tests
Tamanho do Arquivo: 1276799 
WC Time ALLOCATION: 0.150311
CPU Time ALLOCATION: 0.105502

WC Time ALGORITHM: 0.003735
CPU Time ALGORITHM: 0.003734

WC Time IO OPERATION: 0.001493
CPU Time IO OPERATION: 0.001493

Total WC Time: 0.155539
Total CPU Time: 0.110729

ROT-13 GPU tests
Tamanho do Arquivo: 1276799 
WC Time ALLOCATION: 0.151910
CPU Time ALLOCATION: 0.106630

WC Time ALGORITHM: 0.003755
CPU Time ALGORITHM: 0.003754

WC Time IO OPERATION: 0.001404
CPU Time IO OPERATION: 0.001404

Total WC Time: 0.157069
Total CPU Time: 0.111788

ROT-13 GPU tests
Tamanho do Arquivo: 1276799 
WC Time ALLOCATION: 0.152102
CPU Time ALLOCATION: 0.106427

WC Time ALGORITHM: 0.003719
CPU Time ALGORITHM: 0.003719

WC Time IO OPERATION: 0.001364
CPU Time IO OPERATION: 0.001364

Total WC Time: 0.157184
Total CPU Time: 0.111510

ROT-13 GPU tests
Tamanho do Arquivo: 1276799 
WC Time ALLOCATION: 0.148170
CPU Time ALLOCATION: 0.097668

WC Time ALGORITHM: 0.003745
CPU Time ALGORITHM: 0.003745

WC Time IO OPERATION: 0.001398
CPU Time IO OPERATION: 0.001397

Total WC Time: 0.153313
Total CPU Time: 0.102810

ROT-13 GPU tests
Tamanho do Arquivo: 1276799 
WC Time ALLOCATION: 1.846084
CPU Time ALLOCATION: 0.106832

WC Time ALGORITHM: 0.003821
CPU Time ALGORITHM: 0.003821

WC Time IO OPERATION: 0.001382
CPU Time IO OPERATION: 0.001382

Total WC Time: 1.851286
Total CPU Time: 0.112035

ROT-13 GPU tests
Tamanho do Arquivo: 1276799 
WC Time ALLOCATION: 0.151702
CPU Time ALLOCATION: 0.103424

WC Time ALGORITHM: 0.003803
CPU Time ALGORITHM: 0.003802

WC Time IO OPERATION: 0.001356
CPU Time IO OPERATION: 0.001357

Total WC Time: 0.156861
Total CPU Time: 0.108583

ROT-13 GPU tests
Tamanho do Arquivo: 1276799 
WC Time ALLOCATION: 0.153046
CPU Time ALLOCATION: 0.108105

WC Time ALGORITHM: 0.003740
CPU Time ALGORITHM: 0.003741

WC Time IO OPERATION: 0.001384
CPU Time IO OPERATION: 0.001383

Total WC Time: 0.158169
Total CPU Time: 0.113229

ROT-13 GPU tests
Tamanho do Arquivo: 1276799 
WC Time ALLOCATION: 0.150576
CPU Time ALLOCATION: 0.105731

WC Time ALGORITHM: 0.003735
CPU Time ALGORITHM: 0.003735

WC Time IO OPERATION: 0.001401
CPU Time IO OPERATION: 0.001401

Total WC Time: 0.155712
Total CPU Time: 0.110867

ROT-13 GPU tests
Tamanho do Arquivo: 1276799 
WC Time ALLOCATION: 0.151465
CPU Time ALLOCATION: 0.106749

WC Time ALGORITHM: 0.003690
CPU Time ALGORITHM: 0.003689

WC Time IO OPERATION: 0.001352
CPU Time IO OPERATION: 0.001352

Total WC Time: 0.156508
Total CPU Time: 0.111790

ROT-13 GPU tests
Tamanho do Arquivo: 1276799 
WC Time ALLOCATION: 0.150812
CPU Time ALLOCATION: 0.103132

WC Time ALGORITHM: 0.003721
CPU Time ALGORITHM: 0.003721

WC Time IO OPERATION: 0.001357
CPU Time IO OPERATION: 0.001358

Total WC Time: 0.155890
Total CPU Time: 0.108211

ROT-13 GPU tests
Tamanho do Arquivo: 1276799 
WC Time ALLOCATION: 0.149903
CPU Time ALLOCATION: 0.104550

WC Time ALGORITHM: 0.003765
CPU Time ALGORITHM: 0.003764

WC Time IO OPERATION: 0.001373
CPU Time IO OPERATION: 0.001373

Total WC Time: 0.155041
Total CPU Time: 0.109687

ROT-13 GPU tests
Tamanho do Arquivo: 1276799 
WC Time ALLOCATION: 0.151883
CPU Time ALLOCATION: 0.105822

WC Time ALGORITHM: 0.003701
CPU Time ALGORITHM: 0.003701

WC Time IO OPERATION: 0.001363
CPU Time IO OPERATION: 0.001364

Total WC Time: 0.156948
Total CPU Time: 0.110887

ROT-13 GPU tests
Tamanho do Arquivo: 1276799 
WC Time ALLOCATION: 0.153181
CPU Time ALLOCATION: 0.107096

WC Time ALGORITHM: 0.003808
CPU Time ALGORITHM: 0.003808

WC Time IO OPERATION: 0.001442
CPU Time IO OPERATION: 0.001442

Total WC Time: 0.158431
Total CPU Time: 0.112346

ROT-13 GPU tests
Tamanho do Arquivo: 1276799 
WC Time ALLOCATION: 0.151287
CPU Time ALLOCATION: 0.107152

WC Time ALGORITHM: 0.003704
CPU Time ALGORITHM: 0.003704

WC Time IO OPERATION: 0.001508
CPU Time IO OPERATION: 0.001508

Total WC Time: 0.156498
Total CPU Time: 0.112364

ROT-13 GPU tests
Tamanho do Arquivo: 1276799 
WC Time ALLOCATION: 0.150150
CPU Time ALLOCATION: 0.103071

WC Time ALGORITHM: 0.003676
CPU Time ALGORITHM: 0.003676

WC Time IO OPERATION: 0.001324
CPU Time IO OPERATION: 0.001324

Total WC Time: 0.155150
Total CPU Time: 0.108071

ROT-13 GPU tests
Tamanho do Arquivo: 1276799 
WC Time ALLOCATION: 0.150300
CPU Time ALLOCATION: 0.102635

WC Time ALGORITHM: 0.003680
CPU Time ALGORITHM: 0.003679

WC Time IO OPERATION: 0.001425
CPU Time IO OPERATION: 0.001425

Total WC Time: 0.155405
Total CPU Time: 0.107739

ROT-13 GPU tests
Tamanho do Arquivo: 1276799 
WC Time ALLOCATION: 0.150266
CPU Time ALLOCATION: 0.103824

WC Time ALGORITHM: 0.003738
CPU Time ALGORITHM: 0.003738

WC Time IO OPERATION: 0.001377
CPU Time IO OPERATION: 0.001377

Total WC Time: 0.155381
Total CPU Time: 0.108939

ROT-13 GPU tests
Tamanho do Arquivo: 1276799 
WC Time ALLOCATION: 0.150624
CPU Time ALLOCATION: 0.101874

WC Time ALGORITHM: 0.003717
CPU Time ALGORITHM: 0.003717

WC Time IO OPERATION: 0.001385
CPU Time IO OPERATION: 0.001385

Total WC Time: 0.155726
Total CPU Time: 0.106976

