DES SEQ Tests
Tamanho do Arquivo: 40845796 
WC Time ALLOCATION: 1.416538
CPU Time ALLOCATION: 0.583493

WC Time ALGORITHM: 50.524659
CPU Time ALGORITHM: 50.527538

WC Time IO OPERATION: 0.246197
CPU Time IO OPERATION: 0.053779

Total WC Time: 52.187394
Total CPU Time: 51.164810

DES SEQ Tests
Tamanho do Arquivo: 40845796 
WC Time ALLOCATION: 1.417594
CPU Time ALLOCATION: 0.582438

WC Time ALGORITHM: 50.180142
CPU Time ALGORITHM: 50.183189

WC Time IO OPERATION: 1.313824
CPU Time IO OPERATION: 0.055692

Total WC Time: 52.911560
Total CPU Time: 50.821319

DES SEQ Tests
Tamanho do Arquivo: 40845796 
WC Time ALLOCATION: 0.583460
CPU Time ALLOCATION: 0.583486

WC Time ALGORITHM: 51.584708
CPU Time ALGORITHM: 50.418392

WC Time IO OPERATION: 0.051695
CPU Time IO OPERATION: 0.051698

Total WC Time: 52.219863
Total CPU Time: 51.053576

DES SEQ Tests
Tamanho do Arquivo: 40845796 
WC Time ALLOCATION: 1.417652
CPU Time ALLOCATION: 0.582394

WC Time ALGORITHM: 51.104700
CPU Time ALGORITHM: 51.108689

WC Time IO OPERATION: 0.052712
CPU Time IO OPERATION: 0.052715

Total WC Time: 52.575064
Total CPU Time: 51.743798

DES SEQ Tests
Tamanho do Arquivo: 40845796 
WC Time ALLOCATION: 1.418406
CPU Time ALLOCATION: 0.581642

WC Time ALGORITHM: 50.249198
CPU Time ALGORITHM: 50.252910

WC Time IO OPERATION: 0.052151
CPU Time IO OPERATION: 0.052155

Total WC Time: 51.719756
Total CPU Time: 50.886707

DES SEQ Tests
Tamanho do Arquivo: 40845796 
WC Time ALLOCATION: 1.418375
CPU Time ALLOCATION: 0.581657

WC Time ALGORITHM: 50.144654
CPU Time ALGORITHM: 50.148256

WC Time IO OPERATION: 0.052325
CPU Time IO OPERATION: 0.052328

Total WC Time: 51.615353
Total CPU Time: 50.782241

DES SEQ Tests
Tamanho do Arquivo: 40845796 
WC Time ALLOCATION: 0.582882
CPU Time ALLOCATION: 0.582927

WC Time ALGORITHM: 50.203080
CPU Time ALGORITHM: 50.206741

WC Time IO OPERATION: 0.052326
CPU Time IO OPERATION: 0.052330

Total WC Time: 50.838288
Total CPU Time: 50.841998

DES SEQ Tests
Tamanho do Arquivo: 40845796 
WC Time ALLOCATION: 1.417709
CPU Time ALLOCATION: 0.582331

WC Time ALGORITHM: 50.202737
CPU Time ALGORITHM: 50.206303

WC Time IO OPERATION: 0.052258
CPU Time IO OPERATION: 0.052262

Total WC Time: 51.672704
Total CPU Time: 50.840896

DES SEQ Tests
Tamanho do Arquivo: 40845796 
WC Time ALLOCATION: 1.418002
CPU Time ALLOCATION: 0.582033

WC Time ALGORITHM: 50.162253
CPU Time ALGORITHM: 50.165664

WC Time IO OPERATION: 0.051727
CPU Time IO OPERATION: 0.051731

Total WC Time: 51.631982
Total CPU Time: 50.799428

DES SEQ Tests
Tamanho do Arquivo: 40845796 
WC Time ALLOCATION: 1.418128
CPU Time ALLOCATION: 0.581901

WC Time ALGORITHM: 52.594909
CPU Time ALGORITHM: 52.598371

WC Time IO OPERATION: 0.051746
CPU Time IO OPERATION: 0.051750

Total WC Time: 54.064784
Total CPU Time: 53.232022

