Tamanho do Arquivo: 12910034 
DES test: SUCCEEDED

 Performance counter stats for './DES/seq/des sample_files/hubble_2.tif':

      16557,430809      task-clock (msec)         #    1,000 CPUs utilized          
                37      context-switches          #    0,002 K/sec                  
                 1      cpu-migrations            #    0,000 K/sec                  
             1.844      page-faults               #    0,111 K/sec                  
    51.169.162.601      cycles                    #    3,090 GHz                    
   <not supported>      stalled-cycles-frontend  
   <not supported>      stalled-cycles-backend   
   159.464.284.938      instructions              #    3,12  insns per cycle        
     4.117.493.998      branches                  #  248,680 M/sec                  
         5.211.219      branch-misses             #    0,13% of all branches        

      16,556425533 seconds time elapsed

Tamanho do Arquivo: 12910034 
DES test: SUCCEEDED

 Performance counter stats for './DES/seq/des sample_files/hubble_2.tif':

      16271,510666      task-clock (msec)         #    1,000 CPUs utilized          
                33      context-switches          #    0,002 K/sec                  
                 1      cpu-migrations            #    0,000 K/sec                  
             1.332      page-faults               #    0,082 K/sec                  
    50.233.701.733      cycles                    #    3,087 GHz                    
   <not supported>      stalled-cycles-frontend  
   <not supported>      stalled-cycles-backend   
   159.462.394.622      instructions              #    3,17  insns per cycle        
     4.117.170.916      branches                  #  253,029 M/sec                  
         5.574.966      branch-misses             #    0,14% of all branches        

      16,270554628 seconds time elapsed

Tamanho do Arquivo: 12910034 
DES test: SUCCEEDED

 Performance counter stats for './DES/seq/des sample_files/hubble_2.tif':

      16263,368123      task-clock (msec)         #    1,000 CPUs utilized          
                22      context-switches          #    0,001 K/sec                  
                 0      cpu-migrations            #    0,000 K/sec                  
             1.228      page-faults               #    0,076 K/sec                  
    50.260.495.668      cycles                    #    3,090 GHz                    
   <not supported>      stalled-cycles-frontend  
   <not supported>      stalled-cycles-backend   
   159.461.925.598      instructions              #    3,17  insns per cycle        
     4.117.115.929      branches                  #  253,153 M/sec                  
         5.525.478      branch-misses             #    0,13% of all branches        

      16,262319530 seconds time elapsed

Tamanho do Arquivo: 12910034 
DES test: SUCCEEDED

 Performance counter stats for './DES/seq/des sample_files/hubble_2.tif':

      16289,356634      task-clock (msec)         #    1,000 CPUs utilized          
                30      context-switches          #    0,002 K/sec                  
                 0      cpu-migrations            #    0,000 K/sec                  
             1.594      page-faults               #    0,098 K/sec                  
    50.261.397.994      cycles                    #    3,086 GHz                    
   <not supported>      stalled-cycles-frontend  
   <not supported>      stalled-cycles-backend   
   159.462.960.181      instructions              #    3,17  insns per cycle        
     4.117.270.561      branches                  #  252,758 M/sec                  
         5.612.825      branch-misses             #    0,14% of all branches        

      16,288436147 seconds time elapsed

Tamanho do Arquivo: 12910034 
DES test: SUCCEEDED

 Performance counter stats for './DES/seq/des sample_files/hubble_2.tif':

      16274,496601      task-clock (msec)         #    1,000 CPUs utilized          
                23      context-switches          #    0,001 K/sec                  
                 0      cpu-migrations            #    0,000 K/sec                  
             1.578      page-faults               #    0,097 K/sec                  
    50.249.762.846      cycles                    #    3,088 GHz                    
   <not supported>      stalled-cycles-frontend  
   <not supported>      stalled-cycles-backend   
   159.463.207.830      instructions              #    3,17  insns per cycle        
     4.117.314.462      branches                  #  252,992 M/sec                  
         5.637.580      branch-misses             #    0,14% of all branches        

      16,273241576 seconds time elapsed

Tamanho do Arquivo: 12910034 
DES test: SUCCEEDED

 Performance counter stats for './DES/seq/des sample_files/hubble_2.tif':

      16332,987079      task-clock (msec)         #    1,000 CPUs utilized          
                20      context-switches          #    0,001 K/sec                  
                 0      cpu-migrations            #    0,000 K/sec                  
             1.674      page-faults               #    0,102 K/sec                  
    50.430.417.033      cycles                    #    3,088 GHz                    
   <not supported>      stalled-cycles-frontend  
   <not supported>      stalled-cycles-backend   
   159.462.655.115      instructions              #    3,16  insns per cycle        
     4.117.210.254      branches                  #  252,079 M/sec                  
         5.519.506      branch-misses             #    0,13% of all branches        

      16,331817464 seconds time elapsed

Tamanho do Arquivo: 12910034 
DES test: SUCCEEDED

 Performance counter stats for './DES/seq/des sample_files/hubble_2.tif':

      22675,517089      task-clock (msec)         #    1,000 CPUs utilized          
                35      context-switches          #    0,002 K/sec                  
                 0      cpu-migrations            #    0,000 K/sec                  
             1.204      page-faults               #    0,053 K/sec                  
    70.010.624.945      cycles                    #    3,087 GHz                    
   <not supported>      stalled-cycles-frontend  
   <not supported>      stalled-cycles-backend   
   159.470.976.719      instructions              #    2,28  insns per cycle        
     4.118.728.774      branches                  #  181,638 M/sec                  
         4.429.016      branch-misses             #    0,11% of all branches        

      22,673888133 seconds time elapsed

Tamanho do Arquivo: 12910034 
DES test: SUCCEEDED

 Performance counter stats for './DES/seq/des sample_files/hubble_2.tif':

      16350,859720      task-clock (msec)         #    1,000 CPUs utilized          
                20      context-switches          #    0,001 K/sec                  
                 0      cpu-migrations            #    0,000 K/sec                  
             1.843      page-faults               #    0,113 K/sec                  
    50.529.534.100      cycles                    #    3,090 GHz                    
   <not supported>      stalled-cycles-frontend  
   <not supported>      stalled-cycles-backend   
   159.463.204.030      instructions              #    3,16  insns per cycle        
     4.117.300.694      branches                  #  251,809 M/sec                  
         5.453.892      branch-misses             #    0,13% of all branches        

      16,349686967 seconds time elapsed

Tamanho do Arquivo: 12910034 
DES test: SUCCEEDED

 Performance counter stats for './DES/seq/des sample_files/hubble_2.tif':

      16273,333001      task-clock (msec)         #    1,000 CPUs utilized          
                27      context-switches          #    0,002 K/sec                  
                 0      cpu-migrations            #    0,000 K/sec                  
             1.845      page-faults               #    0,113 K/sec                  
    50.247.525.704      cycles                    #    3,088 GHz                    
   <not supported>      stalled-cycles-frontend  
   <not supported>      stalled-cycles-backend   
   159.464.051.015      instructions              #    3,17  insns per cycle        
     4.117.466.108      branches                  #  253,019 M/sec                  
         5.629.760      branch-misses             #    0,14% of all branches        

      16,272216319 seconds time elapsed

Tamanho do Arquivo: 12910034 
DES test: SUCCEEDED

 Performance counter stats for './DES/seq/des sample_files/hubble_2.tif':

      16237,515730      task-clock (msec)         #    1,000 CPUs utilized          
                24      context-switches          #    0,001 K/sec                  
                 0      cpu-migrations            #    0,000 K/sec                  
             1.844      page-faults               #    0,114 K/sec                  
    50.159.976.246      cycles                    #    3,089 GHz                    
   <not supported>      stalled-cycles-frontend  
   <not supported>      stalled-cycles-backend   
   159.464.126.104      instructions              #    3,18  insns per cycle        
     4.117.471.074      branches                  #  253,578 M/sec                  
         5.400.025      branch-misses             #    0,13% of all branches        

      16,236373966 seconds time elapsed

