DES SEQ Tests
Tamanho do Arquivo: 1580879 
WC Time ALLOCATION: 0.028333
CPU Time ALLOCATION: 0.028263

WC Time ALGORITHM: 2.027052
CPU Time ALGORITHM: 2.023420

WC Time IO OPERATION: 0.002405
CPU Time IO OPERATION: 0.002395

Total WC Time: 2.057790
Total CPU Time: 2.054078

DES SEQ Tests
Tamanho do Arquivo: 1580879 
WC Time ALLOCATION: 0.028327
CPU Time ALLOCATION: 0.028230

WC Time ALGORITHM: 2.289287
CPU Time ALGORITHM: 2.281277

WC Time IO OPERATION: 0.002231
CPU Time IO OPERATION: 0.002218

Total WC Time: 2.319845
Total CPU Time: 2.311725

DES SEQ Tests
Tamanho do Arquivo: 1580879 
WC Time ALLOCATION: 0.031081
CPU Time ALLOCATION: 0.030876

WC Time ALGORITHM: 2.241144
CPU Time ALGORITHM: 2.229266

WC Time IO OPERATION: 0.002967
CPU Time IO OPERATION: 0.002890

Total WC Time: 2.275191
Total CPU Time: 2.263032

