DES SEQ Tests
Tamanho do Arquivo: 8904144 
WC Time ALLOCATION: 0.127556
CPU Time ALLOCATION: 0.127565

WC Time ALGORITHM: 11.077550
CPU Time ALGORITHM: 10.923076

WC Time IO OPERATION: 0.011072
CPU Time IO OPERATION: 0.011072

Total WC Time: 11.216178
Total CPU Time: 11.061713

DES SEQ Tests
Tamanho do Arquivo: 8904144 
WC Time ALLOCATION: 0.127593
CPU Time ALLOCATION: 0.127603

WC Time ALGORITHM: 11.010362
CPU Time ALGORITHM: 11.011011

WC Time IO OPERATION: 0.011262
CPU Time IO OPERATION: 0.011262

Total WC Time: 11.149218
Total CPU Time: 11.149876

DES SEQ Tests
Tamanho do Arquivo: 8904144 
WC Time ALLOCATION: 0.127090
CPU Time ALLOCATION: 0.127098

WC Time ALGORITHM: 12.452538
CPU Time ALGORITHM: 11.548109

WC Time IO OPERATION: 0.013954
CPU Time IO OPERATION: 0.013954

Total WC Time: 12.593581
Total CPU Time: 11.689161

DES SEQ Tests
Tamanho do Arquivo: 8904144 
WC Time ALLOCATION: 1.872872
CPU Time ALLOCATION: 0.127134

WC Time ALGORITHM: 11.052038
CPU Time ALGORITHM: 10.948820

WC Time IO OPERATION: 0.010955
CPU Time IO OPERATION: 0.010956

Total WC Time: 12.935865
Total CPU Time: 11.086910

DES SEQ Tests
Tamanho do Arquivo: 8904144 
WC Time ALLOCATION: 0.127667
CPU Time ALLOCATION: 0.127679

WC Time ALGORITHM: 11.076480
CPU Time ALGORITHM: 10.924330

WC Time IO OPERATION: 0.010860
CPU Time IO OPERATION: 0.010861

Total WC Time: 11.215008
Total CPU Time: 11.062870

DES SEQ Tests
Tamanho do Arquivo: 8904144 
WC Time ALLOCATION: 0.127443
CPU Time ALLOCATION: 0.127450

WC Time ALGORITHM: 11.042531
CPU Time ALGORITHM: 11.043325

WC Time IO OPERATION: 0.010936
CPU Time IO OPERATION: 0.010936

Total WC Time: 11.180910
Total CPU Time: 11.181711

DES SEQ Tests
Tamanho do Arquivo: 8904144 
WC Time ALLOCATION: 0.127268
CPU Time ALLOCATION: 0.127278

WC Time ALGORITHM: 11.076002
CPU Time ALGORITHM: 10.924733

WC Time IO OPERATION: 0.011077
CPU Time IO OPERATION: 0.011077

Total WC Time: 11.214346
Total CPU Time: 11.063088

DES SEQ Tests
Tamanho do Arquivo: 8904144 
WC Time ALLOCATION: 0.127522
CPU Time ALLOCATION: 0.127531

WC Time ALGORITHM: 11.057866
CPU Time ALGORITHM: 10.942898

WC Time IO OPERATION: 0.010880
CPU Time IO OPERATION: 0.010881

Total WC Time: 11.196268
Total CPU Time: 11.081310

DES SEQ Tests
Tamanho do Arquivo: 8904144 
WC Time ALLOCATION: 0.127786
CPU Time ALLOCATION: 0.127763

WC Time ALGORITHM: 11.003842
CPU Time ALGORITHM: 10.996914

WC Time IO OPERATION: 0.011332
CPU Time IO OPERATION: 0.011332

Total WC Time: 11.142960
Total CPU Time: 11.136009

DES SEQ Tests
Tamanho do Arquivo: 8904144 
WC Time ALLOCATION: 1.872768
CPU Time ALLOCATION: 0.127242

WC Time ALGORITHM: 10.936604
CPU Time ALGORITHM: 10.937345

WC Time IO OPERATION: 1.988829
CPU Time IO OPERATION: 0.011171

Total WC Time: 14.798201
Total CPU Time: 11.075758

