DES SEQ Tests
Tamanho do Arquivo: 1276799 
WC Time ALLOCATION: 0.018513
CPU Time ALLOCATION: 0.018515

WC Time ALGORITHM: 2.429328
CPU Time ALGORITHM: 1.570768

WC Time IO OPERATION: 0.001685
CPU Time IO OPERATION: 0.001685

Total WC Time: 2.449527
Total CPU Time: 1.590968

DES SEQ Tests
Tamanho do Arquivo: 1276799 
WC Time ALLOCATION: 0.018584
CPU Time ALLOCATION: 0.018586

WC Time ALGORITHM: 1.566403
CPU Time ALGORITHM: 1.566488

WC Time IO OPERATION: 0.001639
CPU Time IO OPERATION: 0.001638

Total WC Time: 1.586626
Total CPU Time: 1.586712

DES SEQ Tests
Tamanho do Arquivo: 1276799 
WC Time ALLOCATION: 0.018644
CPU Time ALLOCATION: 0.018646

WC Time ALGORITHM: 1.657019
CPU Time ALGORITHM: 1.657092

WC Time IO OPERATION: 0.001668
CPU Time IO OPERATION: 0.001668

Total WC Time: 1.677332
Total CPU Time: 1.677406

DES SEQ Tests
Tamanho do Arquivo: 1276799 
WC Time ALLOCATION: 0.018511
CPU Time ALLOCATION: 0.018513

WC Time ALGORITHM: 2.297188
CPU Time ALGORITHM: 1.702935

WC Time IO OPERATION: 0.001660
CPU Time IO OPERATION: 0.001660

Total WC Time: 2.317359
Total CPU Time: 1.723108

DES SEQ Tests
Tamanho do Arquivo: 1276799 
WC Time ALLOCATION: 0.019233
CPU Time ALLOCATION: 0.019235

WC Time ALGORITHM: 2.362334
CPU Time ALGORITHM: 1.637792

WC Time IO OPERATION: 0.001632
CPU Time IO OPERATION: 0.001632

Total WC Time: 2.383199
Total CPU Time: 1.658659

DES SEQ Tests
Tamanho do Arquivo: 1276799 
WC Time ALLOCATION: 0.018516
CPU Time ALLOCATION: 0.018518

WC Time ALGORITHM: 1.567351
CPU Time ALGORITHM: 1.567464

WC Time IO OPERATION: 0.001607
CPU Time IO OPERATION: 0.001606

Total WC Time: 1.587473
Total CPU Time: 1.587588

DES SEQ Tests
Tamanho do Arquivo: 1276799 
WC Time ALLOCATION: 0.018533
CPU Time ALLOCATION: 0.018536

WC Time ALGORITHM: 2.176061
CPU Time ALGORITHM: 1.824073

WC Time IO OPERATION: 0.001614
CPU Time IO OPERATION: 0.001614

Total WC Time: 2.196209
Total CPU Time: 1.844223

DES SEQ Tests
Tamanho do Arquivo: 1276799 
WC Time ALLOCATION: 0.018494
CPU Time ALLOCATION: 0.018497

WC Time ALGORITHM: 2.433211
CPU Time ALGORITHM: 1.566896

WC Time IO OPERATION: 0.001602
CPU Time IO OPERATION: 0.001602

Total WC Time: 2.453308
Total CPU Time: 1.586995

DES SEQ Tests
Tamanho do Arquivo: 1276799 
WC Time ALLOCATION: 0.018558
CPU Time ALLOCATION: 0.018560

WC Time ALGORITHM: 1.583858
CPU Time ALGORITHM: 1.583938

WC Time IO OPERATION: 0.001620
CPU Time IO OPERATION: 0.001620

Total WC Time: 1.604036
Total CPU Time: 1.604118

DES SEQ Tests
Tamanho do Arquivo: 1276799 
WC Time ALLOCATION: 0.018618
CPU Time ALLOCATION: 0.018599

WC Time ALGORITHM: 2.430238
CPU Time ALGORITHM: 1.569871

WC Time IO OPERATION: 0.001650
CPU Time IO OPERATION: 0.001650

Total WC Time: 2.450505
Total CPU Time: 1.590120

