DES SEQ Tests
Tamanho do Arquivo: 806878 
WC Time ALLOCATION: 0.016662
CPU Time ALLOCATION: 0.016620

WC Time ALGORITHM: 1.010929
CPU Time ALGORITHM: 1.009504

WC Time IO OPERATION: 0.004149
CPU Time IO OPERATION: 0.004137

Total WC Time: 1.031740
Total CPU Time: 1.030261

DES SEQ Tests
Tamanho do Arquivo: 806878 
WC Time ALLOCATION: 0.015401
CPU Time ALLOCATION: 0.015328

WC Time ALGORITHM: 1.109971
CPU Time ALGORITHM: 1.106551

WC Time IO OPERATION: 0.004094
CPU Time IO OPERATION: 0.004079

Total WC Time: 1.129465
Total CPU Time: 1.125958

DES SEQ Tests
Tamanho do Arquivo: 806878 
WC Time ALLOCATION: 0.020258
CPU Time ALLOCATION: 0.020173

WC Time ALGORITHM: 2.785477
CPU Time ALGORITHM: 1.210137

WC Time IO OPERATION: 0.005009
CPU Time IO OPERATION: 0.004982

Total WC Time: 2.810744
Total CPU Time: 1.235292

