DES SEQ Tests
Tamanho do Arquivo: 4452070 
WC Time ALLOCATION: 0.063774
CPU Time ALLOCATION: 0.063779

WC Time ALGORITHM: 6.513241
CPU Time ALGORITHM: 5.487061

WC Time IO OPERATION: 0.005668
CPU Time IO OPERATION: 0.005663

Total WC Time: 6.582684
Total CPU Time: 5.556503

DES SEQ Tests
Tamanho do Arquivo: 4452070 
WC Time ALLOCATION: 0.063985
CPU Time ALLOCATION: 0.063984

WC Time ALGORITHM: 6.539088
CPU Time ALGORITHM: 5.461232

WC Time IO OPERATION: 0.005339
CPU Time IO OPERATION: 0.005339

Total WC Time: 6.608412
Total CPU Time: 5.530555

DES SEQ Tests
Tamanho do Arquivo: 4452070 
WC Time ALLOCATION: 0.064496
CPU Time ALLOCATION: 0.064500

WC Time ALGORITHM: 6.521910
CPU Time ALGORITHM: 5.478393

WC Time IO OPERATION: 0.005576
CPU Time IO OPERATION: 0.005576

Total WC Time: 6.591981
Total CPU Time: 5.548469

DES SEQ Tests
Tamanho do Arquivo: 4452070 
WC Time ALLOCATION: 0.064401
CPU Time ALLOCATION: 0.064408

WC Time ALGORITHM: 5.461622
CPU Time ALGORITHM: 5.462013

WC Time IO OPERATION: 0.005382
CPU Time IO OPERATION: 0.005382

Total WC Time: 5.531405
Total CPU Time: 5.531803

DES SEQ Tests
Tamanho do Arquivo: 4452070 
WC Time ALLOCATION: 0.064162
CPU Time ALLOCATION: 0.064169

WC Time ALGORITHM: 6.165191
CPU Time ALGORITHM: 5.835228

WC Time IO OPERATION: 0.005489
CPU Time IO OPERATION: 0.005489

Total WC Time: 6.234843
Total CPU Time: 5.904886

DES SEQ Tests
Tamanho do Arquivo: 4452070 
WC Time ALLOCATION: 1.935752
CPU Time ALLOCATION: 0.064253

WC Time ALGORITHM: 5.461946
CPU Time ALGORITHM: 5.462343

WC Time IO OPERATION: 0.005508
CPU Time IO OPERATION: 0.005508

Total WC Time: 7.403206
Total CPU Time: 5.532104

DES SEQ Tests
Tamanho do Arquivo: 4452070 
WC Time ALLOCATION: 0.064175
CPU Time ALLOCATION: 0.064180

WC Time ALGORITHM: 6.462250
CPU Time ALGORITHM: 5.538137

WC Time IO OPERATION: 0.005361
CPU Time IO OPERATION: 0.005361

Total WC Time: 6.531786
Total CPU Time: 5.607678

DES SEQ Tests
Tamanho do Arquivo: 4452070 
WC Time ALLOCATION: 0.064451
CPU Time ALLOCATION: 0.064456

WC Time ALGORITHM: 5.470083
CPU Time ALGORITHM: 5.470406

WC Time IO OPERATION: 0.005312
CPU Time IO OPERATION: 0.005311

Total WC Time: 5.539845
Total CPU Time: 5.540173

DES SEQ Tests
Tamanho do Arquivo: 4452070 
WC Time ALLOCATION: 0.064085
CPU Time ALLOCATION: 0.064090

WC Time ALGORITHM: 6.293328
CPU Time ALGORITHM: 5.707057

WC Time IO OPERATION: 0.005528
CPU Time IO OPERATION: 0.005529

Total WC Time: 6.362942
Total CPU Time: 5.776676

DES SEQ Tests
Tamanho do Arquivo: 4452070 
WC Time ALLOCATION: 0.063672
CPU Time ALLOCATION: 0.063677

WC Time ALGORITHM: 5.467853
CPU Time ALGORITHM: 5.468207

WC Time IO OPERATION: 0.005394
CPU Time IO OPERATION: 0.005394

Total WC Time: 5.536919
Total CPU Time: 5.537278

