AES SEQ ECB Test
Tamanho do Arquivo: 518634 
WC Time ALLOCATION: 0.009981
CPU Time ALLOCATION: 0.009982

WC Time ALGORITHM: 0.152209
CPU Time ALGORITHM: 0.152177

WC Time IO OPERATION: 0.002653
CPU Time IO OPERATION: 0.002653

Total WC Time: 0.164844
Total CPU Time: 0.164812

AES SEQ ECB Test
Tamanho do Arquivo: 518634 
WC Time ALLOCATION: 0.007823
CPU Time ALLOCATION: 0.007824

WC Time ALGORITHM: 0.146038
CPU Time ALGORITHM: 0.146043

WC Time IO OPERATION: 0.063065
CPU Time IO OPERATION: 0.003100

Total WC Time: 0.216926
Total CPU Time: 0.156967

AES SEQ ECB Test
Tamanho do Arquivo: 518634 
WC Time ALLOCATION: 0.007782
CPU Time ALLOCATION: 0.007782

WC Time ALGORITHM: 0.146392
CPU Time ALGORITHM: 0.146395

WC Time IO OPERATION: 0.049991
CPU Time IO OPERATION: 0.003132

Total WC Time: 0.204164
Total CPU Time: 0.157309

AES SEQ ECB Test
Tamanho do Arquivo: 518634 
WC Time ALLOCATION: 0.007600
CPU Time ALLOCATION: 0.007601

WC Time ALGORITHM: 0.145091
CPU Time ALGORITHM: 0.145100

WC Time IO OPERATION: 0.002672
CPU Time IO OPERATION: 0.002672

Total WC Time: 0.155363
Total CPU Time: 0.155373

AES SEQ ECB Test
Tamanho do Arquivo: 518634 
WC Time ALLOCATION: 0.007677
CPU Time ALLOCATION: 0.007678

WC Time ALGORITHM: 0.145013
CPU Time ALGORITHM: 0.145022

WC Time IO OPERATION: 0.002514
CPU Time IO OPERATION: 0.002514

Total WC Time: 0.155204
Total CPU Time: 0.155214

AES SEQ ECB Test
Tamanho do Arquivo: 518634 
WC Time ALLOCATION: 0.007505
CPU Time ALLOCATION: 0.007506

WC Time ALGORITHM: 0.145415
CPU Time ALGORITHM: 0.145423

WC Time IO OPERATION: 0.002550
CPU Time IO OPERATION: 0.002550

Total WC Time: 0.155470
Total CPU Time: 0.155479

AES SEQ ECB Test
Tamanho do Arquivo: 518634 
WC Time ALLOCATION: 0.007373
CPU Time ALLOCATION: 0.007374

WC Time ALGORITHM: 0.145340
CPU Time ALGORITHM: 0.145329

WC Time IO OPERATION: 0.063878
CPU Time IO OPERATION: 0.002993

Total WC Time: 0.216590
Total CPU Time: 0.155696

AES SEQ ECB Test
Tamanho do Arquivo: 518634 
WC Time ALLOCATION: 0.007424
CPU Time ALLOCATION: 0.007414

WC Time ALGORITHM: 0.146341
CPU Time ALGORITHM: 0.146350

WC Time IO OPERATION: 1.934674
CPU Time IO OPERATION: 0.003093

Total WC Time: 2.088439
Total CPU Time: 0.156857

AES SEQ ECB Test
Tamanho do Arquivo: 518634 
WC Time ALLOCATION: 0.007482
CPU Time ALLOCATION: 0.007482

WC Time ALGORITHM: 0.145159
CPU Time ALGORITHM: 0.145168

WC Time IO OPERATION: 0.002597
CPU Time IO OPERATION: 0.002598

Total WC Time: 0.155239
Total CPU Time: 0.155248

AES SEQ ECB Test
Tamanho do Arquivo: 518634 
WC Time ALLOCATION: 0.007481
CPU Time ALLOCATION: 0.007482

WC Time ALGORITHM: 0.145926
CPU Time ALGORITHM: 0.145935

WC Time IO OPERATION: 0.002496
CPU Time IO OPERATION: 0.002496

Total WC Time: 0.155902
Total CPU Time: 0.155913

