AES SEQ ECB Test
Tamanho do Arquivo: 32164470 
WC Time ALLOCATION: 0.491223
CPU Time ALLOCATION: 0.488631

WC Time ALGORITHM: 10.642804
CPU Time ALGORITHM: 9.322134

WC Time IO OPERATION: 0.047053
CPU Time IO OPERATION: 0.046811

Total WC Time: 11.181079
Total CPU Time: 9.857576

AES SEQ ECB Test
Tamanho do Arquivo: 32164470 
WC Time ALLOCATION: 0.549344
CPU Time ALLOCATION: 0.547873

WC Time ALGORITHM: 10.678003
CPU Time ALGORITHM: 9.300850

WC Time IO OPERATION: 0.046713
CPU Time IO OPERATION: 0.046481

Total WC Time: 11.274060
Total CPU Time: 9.895204

AES SEQ ECB Test
Tamanho do Arquivo: 32164470 
WC Time ALLOCATION: 0.532951
CPU Time ALLOCATION: 0.530800

WC Time ALGORITHM: 10.512782
CPU Time ALGORITHM: 9.422588

WC Time IO OPERATION: 0.047443
CPU Time IO OPERATION: 0.047186

Total WC Time: 11.093175
Total CPU Time: 10.000574

