AES SEQ ECB Test
Tamanho do Arquivo: 12910034 
WC Time ALLOCATION: 0.208074
CPU Time ALLOCATION: 0.207578

WC Time ALGORITHM: 4.495738
CPU Time ALGORITHM: 3.493640

WC Time IO OPERATION: 0.015648
CPU Time IO OPERATION: 0.015558

Total WC Time: 4.719459
Total CPU Time: 3.716776

AES SEQ ECB Test
Tamanho do Arquivo: 12910034 
WC Time ALLOCATION: 0.229806
CPU Time ALLOCATION: 0.229178

WC Time ALGORITHM: 4.238307
CPU Time ALGORITHM: 3.752973

WC Time IO OPERATION: 0.016047
CPU Time IO OPERATION: 0.015977

Total WC Time: 4.484160
Total CPU Time: 3.998128

AES SEQ ECB Test
Tamanho do Arquivo: 12910034 
WC Time ALLOCATION: 0.216818
CPU Time ALLOCATION: 0.214072

WC Time ALGORITHM: 4.184695
CPU Time ALGORITHM: 3.793043

WC Time IO OPERATION: 0.016526
CPU Time IO OPERATION: 0.016176

Total WC Time: 4.418039
Total CPU Time: 4.023291

