AES SEQ ECB Test
Tamanho do Arquivo: 40845796 
WC Time ALLOCATION: 0.668374
CPU Time ALLOCATION: 0.665397

WC Time ALGORITHM: 12.179403
CPU Time ALGORITHM: 11.776703

WC Time IO OPERATION: 0.059693
CPU Time IO OPERATION: 0.059414

Total WC Time: 12.907470
Total CPU Time: 12.501514

AES SEQ ECB Test
Tamanho do Arquivo: 40845796 
WC Time ALLOCATION: 0.704489
CPU Time ALLOCATION: 0.700678

WC Time ALGORITHM: 12.074625
CPU Time ALGORITHM: 11.877881

WC Time IO OPERATION: 0.061327
CPU Time IO OPERATION: 0.061024

Total WC Time: 12.840441
Total CPU Time: 12.639583

AES SEQ ECB Test
Tamanho do Arquivo: 40845796 
WC Time ALLOCATION: 0.667990
CPU Time ALLOCATION: 0.666320

WC Time ALGORITHM: 12.079018
CPU Time ALGORITHM: 11.894186

WC Time IO OPERATION: 0.063598
CPU Time IO OPERATION: 0.063293

Total WC Time: 12.810605
Total CPU Time: 12.623799

