AES SEQ ECB Test
Tamanho do Arquivo: 1580879 
WC Time ALLOCATION: 0.022702
CPU Time ALLOCATION: 0.022696

WC Time ALGORITHM: 0.439672
CPU Time ALGORITHM: 0.439698

WC Time IO OPERATION: 0.002157
CPU Time IO OPERATION: 0.002157

Total WC Time: 0.464531
Total CPU Time: 0.464551

AES SEQ ECB Test
Tamanho do Arquivo: 1580879 
WC Time ALLOCATION: 0.022458
CPU Time ALLOCATION: 0.022454

WC Time ALGORITHM: 0.442548
CPU Time ALGORITHM: 0.442574

WC Time IO OPERATION: 0.002093
CPU Time IO OPERATION: 0.002093

Total WC Time: 0.467100
Total CPU Time: 0.467121

AES SEQ ECB Test
Tamanho do Arquivo: 1580879 
WC Time ALLOCATION: 0.022444
CPU Time ALLOCATION: 0.022446

WC Time ALGORITHM: 1.560546
CPU Time ALGORITHM: 0.439475

WC Time IO OPERATION: 0.002106
CPU Time IO OPERATION: 0.002106

Total WC Time: 1.585097
Total CPU Time: 0.464027

AES SEQ ECB Test
Tamanho do Arquivo: 1580879 
WC Time ALLOCATION: 0.022465
CPU Time ALLOCATION: 0.022467

WC Time ALGORITHM: 1.543675
CPU Time ALGORITHM: 0.456349

WC Time IO OPERATION: 0.002726
CPU Time IO OPERATION: 0.002725

Total WC Time: 1.568866
Total CPU Time: 0.481541

AES SEQ ECB Test
Tamanho do Arquivo: 1580879 
WC Time ALLOCATION: 0.022368
CPU Time ALLOCATION: 0.022370

WC Time ALGORITHM: 1.557080
CPU Time ALGORITHM: 0.442937

WC Time IO OPERATION: 0.002188
CPU Time IO OPERATION: 0.002188

Total WC Time: 1.581636
Total CPU Time: 0.467495

AES SEQ ECB Test
Tamanho do Arquivo: 1580879 
WC Time ALLOCATION: 0.022641
CPU Time ALLOCATION: 0.022643

WC Time ALGORITHM: 0.442770
CPU Time ALGORITHM: 0.442796

WC Time IO OPERATION: 0.002120
CPU Time IO OPERATION: 0.002120

Total WC Time: 0.467531
Total CPU Time: 0.467559

AES SEQ ECB Test
Tamanho do Arquivo: 1580879 
WC Time ALLOCATION: 0.022327
CPU Time ALLOCATION: 0.022328

WC Time ALGORITHM: 0.442655
CPU Time ALGORITHM: 0.442676

WC Time IO OPERATION: 0.002114
CPU Time IO OPERATION: 0.002113

Total WC Time: 0.467096
Total CPU Time: 0.467117

AES SEQ ECB Test
Tamanho do Arquivo: 1580879 
WC Time ALLOCATION: 0.022417
CPU Time ALLOCATION: 0.022415

WC Time ALGORITHM: 1.557269
CPU Time ALGORITHM: 0.442752

WC Time IO OPERATION: 0.002140
CPU Time IO OPERATION: 0.002141

Total WC Time: 1.581826
Total CPU Time: 0.467308

AES SEQ ECB Test
Tamanho do Arquivo: 1580879 
WC Time ALLOCATION: 0.022335
CPU Time ALLOCATION: 0.022337

WC Time ALGORITHM: 1.560230
CPU Time ALGORITHM: 0.439792

WC Time IO OPERATION: 0.002161
CPU Time IO OPERATION: 0.002161

Total WC Time: 1.584726
Total CPU Time: 0.464290

AES SEQ ECB Test
Tamanho do Arquivo: 1580879 
WC Time ALLOCATION: 0.022756
CPU Time ALLOCATION: 0.022751

WC Time ALGORITHM: 1.560665
CPU Time ALGORITHM: 0.439361

WC Time IO OPERATION: 0.002200
CPU Time IO OPERATION: 0.002200

Total WC Time: 1.585621
Total CPU Time: 0.464312

