AES SEQ ECB Test
Tamanho do Arquivo: 4452070 
WC Time ALLOCATION: 0.062637
CPU Time ALLOCATION: 0.062631

WC Time ALGORITHM: 2.752597
CPU Time ALGORITHM: 1.247467

WC Time IO OPERATION: 0.005411
CPU Time IO OPERATION: 0.005411

Total WC Time: 2.820645
Total CPU Time: 1.315509

AES SEQ ECB Test
Tamanho do Arquivo: 4452070 
WC Time ALLOCATION: 0.062598
CPU Time ALLOCATION: 0.062583

WC Time ALGORITHM: 2.736769
CPU Time ALGORITHM: 1.263298

WC Time IO OPERATION: 0.005428
CPU Time IO OPERATION: 0.005428

Total WC Time: 2.804795
Total CPU Time: 1.331309

AES SEQ ECB Test
Tamanho do Arquivo: 4452070 
WC Time ALLOCATION: 0.062455
CPU Time ALLOCATION: 0.062453

WC Time ALGORITHM: 1.236774
CPU Time ALGORITHM: 1.236842

WC Time IO OPERATION: 0.005666
CPU Time IO OPERATION: 0.005666

Total WC Time: 1.304896
Total CPU Time: 1.304961

AES SEQ ECB Test
Tamanho do Arquivo: 4452070 
WC Time ALLOCATION: 0.062587
CPU Time ALLOCATION: 0.062591

WC Time ALGORITHM: 1.236317
CPU Time ALGORITHM: 1.236386

WC Time IO OPERATION: 0.005802
CPU Time IO OPERATION: 0.005802

Total WC Time: 1.304706
Total CPU Time: 1.304779

AES SEQ ECB Test
Tamanho do Arquivo: 4452070 
WC Time ALLOCATION: 0.063078
CPU Time ALLOCATION: 0.063082

WC Time ALGORITHM: 1.292495
CPU Time ALGORITHM: 1.291999

WC Time IO OPERATION: 0.005354
CPU Time IO OPERATION: 0.005354

Total WC Time: 1.360927
Total CPU Time: 1.360435

AES SEQ ECB Test
Tamanho do Arquivo: 4452070 
WC Time ALLOCATION: 0.062696
CPU Time ALLOCATION: 0.062700

WC Time ALGORITHM: 2.733279
CPU Time ALGORITHM: 1.266791

WC Time IO OPERATION: 0.005460
CPU Time IO OPERATION: 0.005460

Total WC Time: 2.801435
Total CPU Time: 1.334951

AES SEQ ECB Test
Tamanho do Arquivo: 4452070 
WC Time ALLOCATION: 0.062849
CPU Time ALLOCATION: 0.062853

WC Time ALGORITHM: 2.751244
CPU Time ALGORITHM: 1.248826

WC Time IO OPERATION: 0.005358
CPU Time IO OPERATION: 0.005358

Total WC Time: 2.819451
Total CPU Time: 1.317037

AES SEQ ECB Test
Tamanho do Arquivo: 4452070 
WC Time ALLOCATION: 0.062461
CPU Time ALLOCATION: 0.062465

WC Time ALGORITHM: 1.271140
CPU Time ALGORITHM: 1.271214

WC Time IO OPERATION: 0.005336
CPU Time IO OPERATION: 0.005335

Total WC Time: 1.338936
Total CPU Time: 1.339014

AES SEQ ECB Test
Tamanho do Arquivo: 4452070 
WC Time ALLOCATION: 0.062765
CPU Time ALLOCATION: 0.062769

WC Time ALGORITHM: 1.313750
CPU Time ALGORITHM: 1.313826

WC Time IO OPERATION: 0.005694
CPU Time IO OPERATION: 0.005694

Total WC Time: 1.382209
Total CPU Time: 1.382289

AES SEQ ECB Test
Tamanho do Arquivo: 4452070 
WC Time ALLOCATION: 0.062909
CPU Time ALLOCATION: 0.062914

WC Time ALGORITHM: 1.246682
CPU Time ALGORITHM: 1.246756

WC Time IO OPERATION: 0.005340
CPU Time IO OPERATION: 0.005339

Total WC Time: 1.314931
Total CPU Time: 1.315009

