AES SEQ ECB Test
Tamanho do Arquivo: 1276799 
WC Time ALLOCATION: 0.025091
CPU Time ALLOCATION: 0.024973

WC Time ALGORITHM: 1.633929
CPU Time ALGORITHM: 0.364882

WC Time IO OPERATION: 0.001909
CPU Time IO OPERATION: 0.001900

Total WC Time: 1.660928
Total CPU Time: 0.391755

AES SEQ ECB Test
Tamanho do Arquivo: 1276799 
WC Time ALLOCATION: 0.027295
CPU Time ALLOCATION: 0.027168

WC Time ALGORITHM: 1.623245
CPU Time ALGORITHM: 0.375409

WC Time IO OPERATION: 0.001879
CPU Time IO OPERATION: 0.001868

Total WC Time: 1.652418
Total CPU Time: 0.404445

AES SEQ ECB Test
Tamanho do Arquivo: 1276799 
WC Time ALLOCATION: 0.022717
CPU Time ALLOCATION: 0.022634

WC Time ALGORITHM: 0.377215
CPU Time ALGORITHM: 0.375833

WC Time IO OPERATION: 0.001832
CPU Time IO OPERATION: 0.001826

Total WC Time: 0.401764
Total CPU Time: 0.400293

