AES SEQ ECB Test
Tamanho do Arquivo: 806878 
WC Time ALLOCATION: 0.011419
CPU Time ALLOCATION: 0.011420

WC Time ALGORITHM: 0.289398
CPU Time ALGORITHM: 0.289415

WC Time IO OPERATION: 0.363885
CPU Time IO OPERATION: 0.017773

Total WC Time: 0.664703
Total CPU Time: 0.318608

AES SEQ ECB Test
Tamanho do Arquivo: 806878 
WC Time ALLOCATION: 0.011861
CPU Time ALLOCATION: 0.011849

WC Time ALGORITHM: 0.226603
CPU Time ALGORITHM: 0.226616

WC Time IO OPERATION: 0.425556
CPU Time IO OPERATION: 0.019166

Total WC Time: 0.664019
Total CPU Time: 0.257631

AES SEQ ECB Test
Tamanho do Arquivo: 806878 
WC Time ALLOCATION: 0.011952
CPU Time ALLOCATION: 0.011954

WC Time ALGORITHM: 0.227678
CPU Time ALGORITHM: 0.227687

WC Time IO OPERATION: 1.581810
CPU Time IO OPERATION: 0.018678

Total WC Time: 1.821440
Total CPU Time: 0.258319

AES SEQ ECB Test
Tamanho do Arquivo: 806878 
WC Time ALLOCATION: 0.011728
CPU Time ALLOCATION: 0.011729

WC Time ALGORITHM: 0.227619
CPU Time ALGORITHM: 0.227605

WC Time IO OPERATION: 1.590508
CPU Time IO OPERATION: 0.016969

Total WC Time: 1.829854
Total CPU Time: 0.256303

AES SEQ ECB Test
Tamanho do Arquivo: 806878 
WC Time ALLOCATION: 0.011775
CPU Time ALLOCATION: 0.011776

WC Time ALGORITHM: 0.225628
CPU Time ALGORITHM: 0.225637

WC Time IO OPERATION: 1.551078
CPU Time IO OPERATION: 0.017053

Total WC Time: 1.788481
Total CPU Time: 0.254466

AES SEQ ECB Test
Tamanho do Arquivo: 806878 
WC Time ALLOCATION: 0.011641
CPU Time ALLOCATION: 0.011643

WC Time ALGORITHM: 0.225834
CPU Time ALGORITHM: 0.225839

WC Time IO OPERATION: 0.440154
CPU Time IO OPERATION: 0.019177

Total WC Time: 0.677629
Total CPU Time: 0.256659

AES SEQ ECB Test
Tamanho do Arquivo: 806878 
WC Time ALLOCATION: 0.011750
CPU Time ALLOCATION: 0.011751

WC Time ALGORITHM: 0.227542
CPU Time ALGORITHM: 0.227551

WC Time IO OPERATION: 1.582154
CPU Time IO OPERATION: 0.019352

Total WC Time: 1.821446
Total CPU Time: 0.258654

AES SEQ ECB Test
Tamanho do Arquivo: 806878 
WC Time ALLOCATION: 0.011952
CPU Time ALLOCATION: 0.011953

WC Time ALGORITHM: 0.235640
CPU Time ALGORITHM: 0.235645

WC Time IO OPERATION: 1.572985
CPU Time IO OPERATION: 0.019625

Total WC Time: 1.820577
Total CPU Time: 0.267223

AES SEQ ECB Test
Tamanho do Arquivo: 806878 
WC Time ALLOCATION: 0.011841
CPU Time ALLOCATION: 0.011843

WC Time ALGORITHM: 0.227380
CPU Time ALGORITHM: 0.227389

WC Time IO OPERATION: 1.571985
CPU Time IO OPERATION: 0.017405

Total WC Time: 1.811206
Total CPU Time: 0.256637

AES SEQ ECB Test
Tamanho do Arquivo: 806878 
WC Time ALLOCATION: 0.011720
CPU Time ALLOCATION: 0.011721

WC Time ALGORITHM: 0.226571
CPU Time ALGORITHM: 0.226571

WC Time IO OPERATION: 1.571793
CPU Time IO OPERATION: 0.016809

Total WC Time: 1.810084
Total CPU Time: 0.255101

