AES SEQ ECB Test
Tamanho do Arquivo: 8904144 
WC Time ALLOCATION: 0.124698
CPU Time ALLOCATION: 0.124705

WC Time ALGORITHM: 2.494253
CPU Time ALGORITHM: 2.494288

WC Time IO OPERATION: 0.010890
CPU Time IO OPERATION: 0.010890

Total WC Time: 2.629841
Total CPU Time: 2.629883

AES SEQ ECB Test
Tamanho do Arquivo: 8904144 
WC Time ALLOCATION: 0.125230
CPU Time ALLOCATION: 0.125238

WC Time ALGORITHM: 2.474045
CPU Time ALGORITHM: 2.474183

WC Time IO OPERATION: 0.011095
CPU Time IO OPERATION: 0.011095

Total WC Time: 2.610370
Total CPU Time: 2.610516

AES SEQ ECB Test
Tamanho do Arquivo: 8904144 
WC Time ALLOCATION: 0.124900
CPU Time ALLOCATION: 0.124901

WC Time ALGORITHM: 3.505911
CPU Time ALGORITHM: 2.494199

WC Time IO OPERATION: 0.011166
CPU Time IO OPERATION: 0.011167

Total WC Time: 3.641978
Total CPU Time: 2.630267

AES SEQ ECB Test
Tamanho do Arquivo: 8904144 
WC Time ALLOCATION: 0.125684
CPU Time ALLOCATION: 0.125693

WC Time ALGORITHM: 3.522845
CPU Time ALGORITHM: 2.477285

WC Time IO OPERATION: 0.011141
CPU Time IO OPERATION: 0.011142

Total WC Time: 3.659671
Total CPU Time: 2.614120

AES SEQ ECB Test
Tamanho do Arquivo: 8904144 
WC Time ALLOCATION: 0.124500
CPU Time ALLOCATION: 0.124508

WC Time ALGORITHM: 3.504092
CPU Time ALGORITHM: 2.496039

WC Time IO OPERATION: 0.011522
CPU Time IO OPERATION: 0.011522

Total WC Time: 3.640114
Total CPU Time: 2.632069

AES SEQ ECB Test
Tamanho do Arquivo: 8904144 
WC Time ALLOCATION: 0.124609
CPU Time ALLOCATION: 0.124617

WC Time ALGORITHM: 2.495777
CPU Time ALGORITHM: 2.495920

WC Time IO OPERATION: 0.011053
CPU Time IO OPERATION: 0.011053

Total WC Time: 2.631439
Total CPU Time: 2.631590

AES SEQ ECB Test
Tamanho do Arquivo: 8904144 
WC Time ALLOCATION: 0.124700
CPU Time ALLOCATION: 0.124708

WC Time ALGORITHM: 2.477952
CPU Time ALGORITHM: 2.478097

WC Time IO OPERATION: 0.010886
CPU Time IO OPERATION: 0.010886

Total WC Time: 2.613538
Total CPU Time: 2.613691

AES SEQ ECB Test
Tamanho do Arquivo: 8904144 
WC Time ALLOCATION: 0.124229
CPU Time ALLOCATION: 0.124237

WC Time ALGORITHM: 2.475351
CPU Time ALGORITHM: 2.475458

WC Time IO OPERATION: 1.988953
CPU Time IO OPERATION: 0.011047

Total WC Time: 4.588533
Total CPU Time: 2.610742

AES SEQ ECB Test
Tamanho do Arquivo: 8904144 
WC Time ALLOCATION: 0.124758
CPU Time ALLOCATION: 0.124761

WC Time ALGORITHM: 3.523056
CPU Time ALGORITHM: 2.477071

WC Time IO OPERATION: 0.011071
CPU Time IO OPERATION: 0.011072

Total WC Time: 3.658886
Total CPU Time: 2.612904

AES SEQ ECB Test
Tamanho do Arquivo: 8904144 
WC Time ALLOCATION: 0.124928
CPU Time ALLOCATION: 0.124936

WC Time ALGORITHM: 3.482381
CPU Time ALGORITHM: 2.517751

WC Time IO OPERATION: 0.011314
CPU Time IO OPERATION: 0.011314

Total WC Time: 3.618622
Total CPU Time: 2.654001

