ROT-13 SEQ tests
Tamanho do Arquivo: 40845796 
WC Time ALLOCATION: 0.619635
CPU Time ALLOCATION: 0.618581

WC Time ALGORITHM: 0.000002
CPU Time ALGORITHM: 0.000002

WC Time IO OPERATION: 0.235587
CPU Time IO OPERATION: 0.058128

Total WC Time: 0.855223
Total CPU Time: 0.676711

ROT-13 SEQ tests
Tamanho do Arquivo: 40845796 
WC Time ALLOCATION: 1.352816
CPU Time ALLOCATION: 0.642992

WC Time ALGORITHM: 0.000002
CPU Time ALGORITHM: 0.000001

WC Time IO OPERATION: 0.347040
CPU Time IO OPERATION: 0.055659

Total WC Time: 1.699858
Total CPU Time: 0.698652

ROT-13 SEQ tests
Tamanho do Arquivo: 40845796 
WC Time ALLOCATION: 1.374638
CPU Time ALLOCATION: 0.622015

WC Time ALGORITHM: 0.000001
CPU Time ALGORITHM: 0.000001

WC Time IO OPERATION: 0.275218
CPU Time IO OPERATION: 0.053195

Total WC Time: 1.649857
Total CPU Time: 0.675211

