ROT-13 SEQ tests
Tamanho do Arquivo: 32164470 
WC Time ALLOCATION: 0.496828
CPU Time ALLOCATION: 0.494001

WC Time ALGORITHM: 0.000001
CPU Time ALGORITHM: 0.000001

WC Time IO OPERATION: 0.035468
CPU Time IO OPERATION: 0.035169

Total WC Time: 0.532298
Total CPU Time: 0.529171

ROT-13 SEQ tests
Tamanho do Arquivo: 32164470 
WC Time ALLOCATION: 0.492880
CPU Time ALLOCATION: 0.490211

WC Time ALGORITHM: 0.000001
CPU Time ALGORITHM: 0.000002

WC Time IO OPERATION: 0.038297
CPU Time IO OPERATION: 0.037909

Total WC Time: 0.531178
Total CPU Time: 0.528122

ROT-13 SEQ tests
Tamanho do Arquivo: 32164470 
WC Time ALLOCATION: 0.503273
CPU Time ALLOCATION: 0.502148

WC Time ALGORITHM: 0.000002
CPU Time ALGORITHM: 0.000002

WC Time IO OPERATION: 0.036310
CPU Time IO OPERATION: 0.036027

Total WC Time: 0.539585
Total CPU Time: 0.538177

