ROT-13 SEQ tests
Tamanho do Arquivo: 12910034 
WC Time ALLOCATION: 0.204235
CPU Time ALLOCATION: 0.203800

WC Time ALGORITHM: 0.000001
CPU Time ALGORITHM: 0.000001

WC Time IO OPERATION: 0.014109
CPU Time IO OPERATION: 0.014067

Total WC Time: 0.218345
Total CPU Time: 0.217868

ROT-13 SEQ tests
Tamanho do Arquivo: 12910034 
WC Time ALLOCATION: 0.201798
CPU Time ALLOCATION: 0.201405

WC Time ALGORITHM: 0.000001
CPU Time ALGORITHM: 0.000001

WC Time IO OPERATION: 0.013468
CPU Time IO OPERATION: 0.013420

Total WC Time: 0.215267
Total CPU Time: 0.214826

ROT-13 SEQ tests
Tamanho do Arquivo: 12910034 
WC Time ALLOCATION: 1.793373
CPU Time ALLOCATION: 0.206176

WC Time ALGORITHM: 0.000001
CPU Time ALGORITHM: 0.000002

WC Time IO OPERATION: 0.013698
CPU Time IO OPERATION: 0.013659

Total WC Time: 1.807073
Total CPU Time: 0.219837

