ROT-13 SEQ tests
Tamanho do Arquivo: 518634 
WC Time ALLOCATION: 0.013864
CPU Time ALLOCATION: 0.013776

WC Time ALGORITHM: 0.000002
CPU Time ALGORITHM: 0.000002

WC Time IO OPERATION: 0.002141
CPU Time IO OPERATION: 0.002131

Total WC Time: 0.016007
Total CPU Time: 0.015909

ROT-13 SEQ tests
Tamanho do Arquivo: 518634 
WC Time ALLOCATION: 0.010846
CPU Time ALLOCATION: 0.010811

WC Time ALGORITHM: 0.000001
CPU Time ALGORITHM: 0.000002

WC Time IO OPERATION: 1.725639
CPU Time IO OPERATION: 0.002888

Total WC Time: 1.736486
Total CPU Time: 0.013701

ROT-13 SEQ tests
Tamanho do Arquivo: 518634 
WC Time ALLOCATION: 0.010552
CPU Time ALLOCATION: 0.010500

WC Time ALGORITHM: 0.000002
CPU Time ALGORITHM: 0.000002

WC Time IO OPERATION: 0.263290
CPU Time IO OPERATION: 0.003415

Total WC Time: 0.273843
Total CPU Time: 0.013917

