ROT-13 SEQ tests
Tamanho do Arquivo: 1580879 
WC Time ALLOCATION: 0.022848
CPU Time ALLOCATION: 0.022849

WC Time ALGORITHM: 0.046608
CPU Time ALGORITHM: 0.046610

WC Time IO OPERATION: 0.001798
CPU Time IO OPERATION: 0.001798

Total WC Time: 0.071253
Total CPU Time: 0.071257

ROT-13 SEQ tests
Tamanho do Arquivo: 1580879 
WC Time ALLOCATION: 0.028902
CPU Time ALLOCATION: 0.028904

WC Time ALGORITHM: 0.047123
CPU Time ALGORITHM: 0.047125

WC Time IO OPERATION: 0.001808
CPU Time IO OPERATION: 0.001808

Total WC Time: 0.077833
Total CPU Time: 0.077837

ROT-13 SEQ tests
Tamanho do Arquivo: 1580879 
WC Time ALLOCATION: 0.022855
CPU Time ALLOCATION: 0.022857

WC Time ALGORITHM: 0.046745
CPU Time ALGORITHM: 0.046747

WC Time IO OPERATION: 0.001954
CPU Time IO OPERATION: 0.001954

Total WC Time: 0.071555
Total CPU Time: 0.071558

ROT-13 SEQ tests
Tamanho do Arquivo: 1580879 
WC Time ALLOCATION: 0.022904
CPU Time ALLOCATION: 0.022907

WC Time ALGORITHM: 0.046781
CPU Time ALGORITHM: 0.046784

WC Time IO OPERATION: 0.001792
CPU Time IO OPERATION: 0.001793

Total WC Time: 0.071477
Total CPU Time: 0.071484

ROT-13 SEQ tests
Tamanho do Arquivo: 1580879 
WC Time ALLOCATION: 0.023152
CPU Time ALLOCATION: 0.023154

WC Time ALGORITHM: 0.046779
CPU Time ALGORITHM: 0.046782

WC Time IO OPERATION: 0.001792
CPU Time IO OPERATION: 0.001792

Total WC Time: 0.071723
Total CPU Time: 0.071728

ROT-13 SEQ tests
Tamanho do Arquivo: 1580879 
WC Time ALLOCATION: 0.022694
CPU Time ALLOCATION: 0.022696

WC Time ALGORITHM: 0.046691
CPU Time ALGORITHM: 0.046694

WC Time IO OPERATION: 0.001865
CPU Time IO OPERATION: 0.001866

Total WC Time: 0.071251
Total CPU Time: 0.071256

ROT-13 SEQ tests
Tamanho do Arquivo: 1580879 
WC Time ALLOCATION: 0.022899
CPU Time ALLOCATION: 0.022901

WC Time ALGORITHM: 1.953227
CPU Time ALGORITHM: 0.046777

WC Time IO OPERATION: 0.002061
CPU Time IO OPERATION: 0.001979

Total WC Time: 1.978186
Total CPU Time: 0.071657

ROT-13 SEQ tests
Tamanho do Arquivo: 1580879 
WC Time ALLOCATION: 0.022848
CPU Time ALLOCATION: 0.022850

WC Time ALGORITHM: 0.046937
CPU Time ALGORITHM: 0.046940

WC Time IO OPERATION: 0.002137
CPU Time IO OPERATION: 0.002117

Total WC Time: 0.071922
Total CPU Time: 0.071907

ROT-13 SEQ tests
Tamanho do Arquivo: 1580879 
WC Time ALLOCATION: 0.022836
CPU Time ALLOCATION: 0.022838

WC Time ALGORITHM: 0.046776
CPU Time ALGORITHM: 0.046778

WC Time IO OPERATION: 0.001924
CPU Time IO OPERATION: 0.001925

Total WC Time: 0.071536
Total CPU Time: 0.071541

ROT-13 SEQ tests
Tamanho do Arquivo: 1580879 
WC Time ALLOCATION: 0.022864
CPU Time ALLOCATION: 0.022866

WC Time ALGORITHM: 0.046796
CPU Time ALGORITHM: 0.046798

WC Time IO OPERATION: 0.001784
CPU Time IO OPERATION: 0.001785

Total WC Time: 0.071444
Total CPU Time: 0.071449

ROT-13 SEQ tests
Tamanho do Arquivo: 1580879 
WC Time ALLOCATION: 1.933646
CPU Time ALLOCATION: 0.027534

WC Time ALGORITHM: 0.050266
CPU Time ALGORITHM: 0.050271

WC Time IO OPERATION: 0.001800
CPU Time IO OPERATION: 0.001801

Total WC Time: 1.985712
Total CPU Time: 0.079606

ROT-13 SEQ tests
Tamanho do Arquivo: 1580879 
WC Time ALLOCATION: 1.977161
CPU Time ALLOCATION: 0.022842

WC Time ALGORITHM: 0.046802
CPU Time ALGORITHM: 0.046807

WC Time IO OPERATION: 0.001958
CPU Time IO OPERATION: 0.001855

Total WC Time: 2.025921
Total CPU Time: 0.071504

ROT-13 SEQ tests
Tamanho do Arquivo: 1580879 
WC Time ALLOCATION: 0.022750
CPU Time ALLOCATION: 0.022753

WC Time ALGORITHM: 0.046773
CPU Time ALGORITHM: 0.046757

WC Time IO OPERATION: 0.001814
CPU Time IO OPERATION: 0.001815

Total WC Time: 0.071338
Total CPU Time: 0.071325

ROT-13 SEQ tests
Tamanho do Arquivo: 1580879 
WC Time ALLOCATION: 0.022807
CPU Time ALLOCATION: 0.022810

WC Time ALGORITHM: 0.046868
CPU Time ALGORITHM: 0.046874

WC Time IO OPERATION: 0.001737
CPU Time IO OPERATION: 0.001738

Total WC Time: 0.071413
Total CPU Time: 0.071422

ROT-13 SEQ tests
Tamanho do Arquivo: 1580879 
WC Time ALLOCATION: 0.023720
CPU Time ALLOCATION: 0.023723

WC Time ALGORITHM: 0.046784
CPU Time ALGORITHM: 0.046789

WC Time IO OPERATION: 0.001744
CPU Time IO OPERATION: 0.001744

Total WC Time: 0.072248
Total CPU Time: 0.072256

ROT-13 SEQ tests
Tamanho do Arquivo: 1580879 
WC Time ALLOCATION: 0.022952
CPU Time ALLOCATION: 0.022954

WC Time ALGORITHM: 0.046913
CPU Time ALGORITHM: 0.046918

WC Time IO OPERATION: 0.001759
CPU Time IO OPERATION: 0.001759

Total WC Time: 0.071624
Total CPU Time: 0.071631

ROT-13 SEQ tests
Tamanho do Arquivo: 1580879 
WC Time ALLOCATION: 0.023236
CPU Time ALLOCATION: 0.023239

WC Time ALGORITHM: 0.046867
CPU Time ALGORITHM: 0.046871

WC Time IO OPERATION: 0.001749
CPU Time IO OPERATION: 0.001748

Total WC Time: 0.071851
Total CPU Time: 0.071858

ROT-13 SEQ tests
Tamanho do Arquivo: 1580879 
WC Time ALLOCATION: 0.022793
CPU Time ALLOCATION: 0.022796

WC Time ALGORITHM: 0.046671
CPU Time ALGORITHM: 0.046676

WC Time IO OPERATION: 0.001804
CPU Time IO OPERATION: 0.001804

Total WC Time: 0.071268
Total CPU Time: 0.071276

ROT-13 SEQ tests
Tamanho do Arquivo: 1580879 
WC Time ALLOCATION: 0.023142
CPU Time ALLOCATION: 0.023125

WC Time ALGORITHM: 0.046973
CPU Time ALGORITHM: 0.046977

WC Time IO OPERATION: 0.001974
CPU Time IO OPERATION: 0.001974

Total WC Time: 0.072089
Total CPU Time: 0.072076

ROT-13 SEQ tests
Tamanho do Arquivo: 1580879 
WC Time ALLOCATION: 0.023048
CPU Time ALLOCATION: 0.023051

WC Time ALGORITHM: 0.046815
CPU Time ALGORITHM: 0.046821

WC Time IO OPERATION: 0.001850
CPU Time IO OPERATION: 0.001850

Total WC Time: 0.071712
Total CPU Time: 0.071722

