ROT-13 SEQ tests
Tamanho do Arquivo: 4452070 
WC Time ALLOCATION: 0.062906
CPU Time ALLOCATION: 0.062910

WC Time ALGORITHM: 0.118075
CPU Time ALGORITHM: 0.118082

WC Time IO OPERATION: 0.004435
CPU Time IO OPERATION: 0.004435

Total WC Time: 0.185416
Total CPU Time: 0.185427

ROT-13 SEQ tests
Tamanho do Arquivo: 4452070 
WC Time ALLOCATION: 0.063373
CPU Time ALLOCATION: 0.063378

WC Time ALGORITHM: 0.118499
CPU Time ALGORITHM: 0.118506

WC Time IO OPERATION: 0.004658
CPU Time IO OPERATION: 0.004658

Total WC Time: 0.186530
Total CPU Time: 0.186542

ROT-13 SEQ tests
Tamanho do Arquivo: 4452070 
WC Time ALLOCATION: 1.935430
CPU Time ALLOCATION: 0.064573

WC Time ALGORITHM: 0.118490
CPU Time ALGORITHM: 0.118497

WC Time IO OPERATION: 0.004520
CPU Time IO OPERATION: 0.004520

Total WC Time: 2.058440
Total CPU Time: 0.187590

ROT-13 SEQ tests
Tamanho do Arquivo: 4452070 
WC Time ALLOCATION: 0.063431
CPU Time ALLOCATION: 0.063435

WC Time ALGORITHM: 0.118471
CPU Time ALGORITHM: 0.118473

WC Time IO OPERATION: 0.004640
CPU Time IO OPERATION: 0.004640

Total WC Time: 0.186542
Total CPU Time: 0.186548

ROT-13 SEQ tests
Tamanho do Arquivo: 4452070 
WC Time ALLOCATION: 0.063914
CPU Time ALLOCATION: 0.063918

WC Time ALGORITHM: 0.117993
CPU Time ALGORITHM: 0.118000

WC Time IO OPERATION: 0.004620
CPU Time IO OPERATION: 0.004620

Total WC Time: 0.186528
Total CPU Time: 0.186538

ROT-13 SEQ tests
Tamanho do Arquivo: 4452070 
WC Time ALLOCATION: 0.063206
CPU Time ALLOCATION: 0.063209

WC Time ALGORITHM: 0.118370
CPU Time ALGORITHM: 0.118377

WC Time IO OPERATION: 0.004616
CPU Time IO OPERATION: 0.004616

Total WC Time: 0.186192
Total CPU Time: 0.186202

ROT-13 SEQ tests
Tamanho do Arquivo: 4452070 
WC Time ALLOCATION: 0.063934
CPU Time ALLOCATION: 0.063939

WC Time ALGORITHM: 0.119026
CPU Time ALGORITHM: 0.119033

WC Time IO OPERATION: 0.004796
CPU Time IO OPERATION: 0.004797

Total WC Time: 0.187756
Total CPU Time: 0.187769

ROT-13 SEQ tests
Tamanho do Arquivo: 4452070 
WC Time ALLOCATION: 0.063711
CPU Time ALLOCATION: 0.063715

WC Time ALGORITHM: 0.118381
CPU Time ALGORITHM: 0.118388

WC Time IO OPERATION: 0.004765
CPU Time IO OPERATION: 0.004766

Total WC Time: 0.186857
Total CPU Time: 0.186869

ROT-13 SEQ tests
Tamanho do Arquivo: 4452070 
WC Time ALLOCATION: 0.063741
CPU Time ALLOCATION: 0.063745

WC Time ALGORITHM: 0.118143
CPU Time ALGORITHM: 0.118150

WC Time IO OPERATION: 0.004634
CPU Time IO OPERATION: 0.004634

Total WC Time: 0.186518
Total CPU Time: 0.186529

ROT-13 SEQ tests
Tamanho do Arquivo: 4452070 
WC Time ALLOCATION: 0.063501
CPU Time ALLOCATION: 0.063505

WC Time ALGORITHM: 0.118256
CPU Time ALGORITHM: 0.118264

WC Time IO OPERATION: 0.004542
CPU Time IO OPERATION: 0.004543

Total WC Time: 0.186299
Total CPU Time: 0.186312

ROT-13 SEQ tests
Tamanho do Arquivo: 4452070 
WC Time ALLOCATION: 0.097123
CPU Time ALLOCATION: 0.075597

WC Time ALGORITHM: 0.118842
CPU Time ALGORITHM: 0.118855

WC Time IO OPERATION: 0.004516
CPU Time IO OPERATION: 0.004517

Total WC Time: 0.220481
Total CPU Time: 0.198969

ROT-13 SEQ tests
Tamanho do Arquivo: 4452070 
WC Time ALLOCATION: 0.063427
CPU Time ALLOCATION: 0.063420

WC Time ALGORITHM: 0.132768
CPU Time ALGORITHM: 0.132783

WC Time IO OPERATION: 0.004846
CPU Time IO OPERATION: 0.004846

Total WC Time: 0.201040
Total CPU Time: 0.201049

ROT-13 SEQ tests
Tamanho do Arquivo: 4452070 
WC Time ALLOCATION: 0.063483
CPU Time ALLOCATION: 0.063490

WC Time ALGORITHM: 1.881770
CPU Time ALGORITHM: 0.118243

WC Time IO OPERATION: 0.004433
CPU Time IO OPERATION: 0.004433

Total WC Time: 1.949686
Total CPU Time: 0.186166

ROT-13 SEQ tests
Tamanho do Arquivo: 4452070 
WC Time ALLOCATION: 0.063585
CPU Time ALLOCATION: 0.063592

WC Time ALGORITHM: 0.118308
CPU Time ALGORITHM: 0.118313

WC Time IO OPERATION: 0.004754
CPU Time IO OPERATION: 0.004755

Total WC Time: 0.186647
Total CPU Time: 0.186660

ROT-13 SEQ tests
Tamanho do Arquivo: 4452070 
WC Time ALLOCATION: 0.063227
CPU Time ALLOCATION: 0.063235

WC Time ALGORITHM: 0.118226
CPU Time ALGORITHM: 0.118239

WC Time IO OPERATION: 0.004674
CPU Time IO OPERATION: 0.004675

Total WC Time: 0.186127
Total CPU Time: 0.186149

ROT-13 SEQ tests
Tamanho do Arquivo: 4452070 
WC Time ALLOCATION: 0.063719
CPU Time ALLOCATION: 0.063726

WC Time ALGORITHM: 0.118320
CPU Time ALGORITHM: 0.118333

WC Time IO OPERATION: 0.004432
CPU Time IO OPERATION: 0.004433

Total WC Time: 0.186472
Total CPU Time: 0.186492

ROT-13 SEQ tests
Tamanho do Arquivo: 4452070 
WC Time ALLOCATION: 1.936696
CPU Time ALLOCATION: 0.063311

WC Time ALGORITHM: 0.118395
CPU Time ALGORITHM: 0.118402

WC Time IO OPERATION: 0.004441
CPU Time IO OPERATION: 0.004442

Total WC Time: 2.059532
Total CPU Time: 0.186155

ROT-13 SEQ tests
Tamanho do Arquivo: 4452070 
WC Time ALLOCATION: 0.063934
CPU Time ALLOCATION: 0.063926

WC Time ALGORITHM: 0.117941
CPU Time ALGORITHM: 0.117954

WC Time IO OPERATION: 0.004388
CPU Time IO OPERATION: 0.004388

Total WC Time: 0.186262
Total CPU Time: 0.186268

ROT-13 SEQ tests
Tamanho do Arquivo: 4452070 
WC Time ALLOCATION: 0.063844
CPU Time ALLOCATION: 0.063851

WC Time ALGORITHM: 0.118275
CPU Time ALGORITHM: 0.118288

WC Time IO OPERATION: 0.004519
CPU Time IO OPERATION: 0.004520

Total WC Time: 0.186639
Total CPU Time: 0.186659

ROT-13 SEQ tests
Tamanho do Arquivo: 4452070 
WC Time ALLOCATION: 0.064157
CPU Time ALLOCATION: 0.064164

WC Time ALGORITHM: 0.117990
CPU Time ALGORITHM: 0.118002

WC Time IO OPERATION: 0.004465
CPU Time IO OPERATION: 0.004465

Total WC Time: 0.186612
Total CPU Time: 0.186631

