ROT-13 SEQ tests
Tamanho do Arquivo: 8904144 
WC Time ALLOCATION: 0.126541
CPU Time ALLOCATION: 0.126549

WC Time ALGORITHM: 0.238601
CPU Time ALGORITHM: 0.238617

WC Time IO OPERATION: 0.009696
CPU Time IO OPERATION: 0.009697

Total WC Time: 0.374838
Total CPU Time: 0.374863

ROT-13 SEQ tests
Tamanho do Arquivo: 8904144 
WC Time ALLOCATION: 0.127805
CPU Time ALLOCATION: 0.127814

WC Time ALGORITHM: 0.237891
CPU Time ALGORITHM: 0.237907

WC Time IO OPERATION: 0.009752
CPU Time IO OPERATION: 0.009754

Total WC Time: 0.375448
Total CPU Time: 0.375475

ROT-13 SEQ tests
Tamanho do Arquivo: 8904144 
WC Time ALLOCATION: 0.127479
CPU Time ALLOCATION: 0.127487

WC Time ALGORITHM: 1.762922
CPU Time ALGORITHM: 0.237094

WC Time IO OPERATION: 0.009376
CPU Time IO OPERATION: 0.009377

Total WC Time: 1.899777
Total CPU Time: 0.373958

ROT-13 SEQ tests
Tamanho do Arquivo: 8904144 
WC Time ALLOCATION: 0.127709
CPU Time ALLOCATION: 0.127718

WC Time ALGORITHM: 0.237376
CPU Time ALGORITHM: 0.237365

WC Time IO OPERATION: 0.009868
CPU Time IO OPERATION: 0.009869

Total WC Time: 0.374953
Total CPU Time: 0.374952

ROT-13 SEQ tests
Tamanho do Arquivo: 8904144 
WC Time ALLOCATION: 0.126652
CPU Time ALLOCATION: 0.126662

WC Time ALGORITHM: 0.236352
CPU Time ALGORITHM: 0.236369

WC Time IO OPERATION: 0.009589
CPU Time IO OPERATION: 0.009590

Total WC Time: 0.372594
Total CPU Time: 0.372621

ROT-13 SEQ tests
Tamanho do Arquivo: 8904144 
WC Time ALLOCATION: 0.126692
CPU Time ALLOCATION: 0.126700

WC Time ALGORITHM: 0.236276
CPU Time ALGORITHM: 0.236292

WC Time IO OPERATION: 0.009253
CPU Time IO OPERATION: 0.009253

Total WC Time: 0.372221
Total CPU Time: 0.372245

ROT-13 SEQ tests
Tamanho do Arquivo: 8904144 
WC Time ALLOCATION: 1.873440
CPU Time ALLOCATION: 0.126569

WC Time ALGORITHM: 0.236591
CPU Time ALGORITHM: 0.236606

WC Time IO OPERATION: 0.009330
CPU Time IO OPERATION: 0.009331

Total WC Time: 2.119361
Total CPU Time: 0.372506

ROT-13 SEQ tests
Tamanho do Arquivo: 8904144 
WC Time ALLOCATION: 0.127286
CPU Time ALLOCATION: 0.127283

WC Time ALGORITHM: 1.763446
CPU Time ALGORITHM: 0.236570

WC Time IO OPERATION: 0.009115
CPU Time IO OPERATION: 0.009116

Total WC Time: 1.899847
Total CPU Time: 0.372969

ROT-13 SEQ tests
Tamanho do Arquivo: 8904144 
WC Time ALLOCATION: 0.135052
CPU Time ALLOCATION: 0.135062

WC Time ALGORITHM: 0.240729
CPU Time ALGORITHM: 0.240736

WC Time IO OPERATION: 0.009353
CPU Time IO OPERATION: 0.009355

Total WC Time: 0.385134
Total CPU Time: 0.385153

ROT-13 SEQ tests
Tamanho do Arquivo: 8904144 
WC Time ALLOCATION: 0.127127
CPU Time ALLOCATION: 0.127136

WC Time ALGORITHM: 0.236953
CPU Time ALGORITHM: 0.236969

WC Time IO OPERATION: 0.009351
CPU Time IO OPERATION: 0.009352

Total WC Time: 0.373432
Total CPU Time: 0.373457

