ROT-13 SEQ tests
Tamanho do Arquivo: 1276799 
WC Time ALLOCATION: 0.023504
CPU Time ALLOCATION: 0.023500

WC Time ALGORITHM: 0.037494
CPU Time ALGORITHM: 0.037496

WC Time IO OPERATION: 0.001435
CPU Time IO OPERATION: 0.001434

Total WC Time: 0.062432
Total CPU Time: 0.062430

ROT-13 SEQ tests
Tamanho do Arquivo: 1276799 
WC Time ALLOCATION: 0.018587
CPU Time ALLOCATION: 0.018588

WC Time ALGORITHM: 0.037428
CPU Time ALGORITHM: 0.037430

WC Time IO OPERATION: 1.854487
CPU Time IO OPERATION: 0.002020

Total WC Time: 1.910502
Total CPU Time: 0.058038

ROT-13 SEQ tests
Tamanho do Arquivo: 1276799 
WC Time ALLOCATION: 0.021832
CPU Time ALLOCATION: 0.021834

WC Time ALGORITHM: 0.039882
CPU Time ALGORITHM: 0.039885

WC Time IO OPERATION: 0.001382
CPU Time IO OPERATION: 0.001382

Total WC Time: 0.063097
Total CPU Time: 0.063101

ROT-13 SEQ tests
Tamanho do Arquivo: 1276799 
WC Time ALLOCATION: 0.019971
CPU Time ALLOCATION: 0.019973

WC Time ALGORITHM: 0.038340
CPU Time ALGORITHM: 0.038343

WC Time IO OPERATION: 0.001395
CPU Time IO OPERATION: 0.001396

Total WC Time: 0.059707
Total CPU Time: 0.059712

ROT-13 SEQ tests
Tamanho do Arquivo: 1276799 
WC Time ALLOCATION: 0.020807
CPU Time ALLOCATION: 0.020809

WC Time ALGORITHM: 0.037609
CPU Time ALGORITHM: 0.037611

WC Time IO OPERATION: 0.001444
CPU Time IO OPERATION: 0.001443

Total WC Time: 0.059860
Total CPU Time: 0.059863

ROT-13 SEQ tests
Tamanho do Arquivo: 1276799 
WC Time ALLOCATION: 0.018866
CPU Time ALLOCATION: 0.018868

WC Time ALGORITHM: 0.037508
CPU Time ALGORITHM: 0.037510

WC Time IO OPERATION: 0.001559
CPU Time IO OPERATION: 0.001559

Total WC Time: 0.057934
Total CPU Time: 0.057937

ROT-13 SEQ tests
Tamanho do Arquivo: 1276799 
WC Time ALLOCATION: 0.018355
CPU Time ALLOCATION: 0.018357

WC Time ALGORITHM: 0.037536
CPU Time ALGORITHM: 0.037539

WC Time IO OPERATION: 0.001596
CPU Time IO OPERATION: 0.001596

Total WC Time: 0.057487
Total CPU Time: 0.057492

ROT-13 SEQ tests
Tamanho do Arquivo: 1276799 
WC Time ALLOCATION: 0.019946
CPU Time ALLOCATION: 0.019948

WC Time ALGORITHM: 0.038079
CPU Time ALGORITHM: 0.038081

WC Time IO OPERATION: 0.001408
CPU Time IO OPERATION: 0.001408

Total WC Time: 0.059433
Total CPU Time: 0.059437

ROT-13 SEQ tests
Tamanho do Arquivo: 1276799 
WC Time ALLOCATION: 0.018568
CPU Time ALLOCATION: 0.018569

WC Time ALGORITHM: 0.037522
CPU Time ALGORITHM: 0.037525

WC Time IO OPERATION: 0.001407
CPU Time IO OPERATION: 0.001407

Total WC Time: 0.057497
Total CPU Time: 0.057501

ROT-13 SEQ tests
Tamanho do Arquivo: 1276799 
WC Time ALLOCATION: 0.018977
CPU Time ALLOCATION: 0.018978

WC Time ALGORITHM: 0.037762
CPU Time ALGORITHM: 0.037764

WC Time IO OPERATION: 0.001415
CPU Time IO OPERATION: 0.001416

Total WC Time: 0.058153
Total CPU Time: 0.058158

ROT-13 SEQ tests
Tamanho do Arquivo: 1276799 
WC Time ALLOCATION: 0.025367
CPU Time ALLOCATION: 0.023188

WC Time ALGORITHM: 0.042722
CPU Time ALGORITHM: 0.042727

WC Time IO OPERATION: 0.001465
CPU Time IO OPERATION: 0.001465

Total WC Time: 0.069554
Total CPU Time: 0.067380

ROT-13 SEQ tests
Tamanho do Arquivo: 1276799 
WC Time ALLOCATION: 0.021901
CPU Time ALLOCATION: 0.021904

WC Time ALGORITHM: 0.037456
CPU Time ALGORITHM: 0.037460

WC Time IO OPERATION: 0.001391
CPU Time IO OPERATION: 0.001392

Total WC Time: 0.060748
Total CPU Time: 0.060756

ROT-13 SEQ tests
Tamanho do Arquivo: 1276799 
WC Time ALLOCATION: 0.018458
CPU Time ALLOCATION: 0.018460

WC Time ALGORITHM: 0.037471
CPU Time ALGORITHM: 0.037476

WC Time IO OPERATION: 0.001542
CPU Time IO OPERATION: 0.001542

Total WC Time: 0.057471
Total CPU Time: 0.057478

ROT-13 SEQ tests
Tamanho do Arquivo: 1276799 
WC Time ALLOCATION: 0.019732
CPU Time ALLOCATION: 0.019736

WC Time ALGORITHM: 0.037443
CPU Time ALGORITHM: 0.037447

WC Time IO OPERATION: 0.001361
CPU Time IO OPERATION: 0.001361

Total WC Time: 0.058536
Total CPU Time: 0.058544

ROT-13 SEQ tests
Tamanho do Arquivo: 1276799 
WC Time ALLOCATION: 0.023601
CPU Time ALLOCATION: 0.023604

WC Time ALGORITHM: 0.043183
CPU Time ALGORITHM: 0.043188

WC Time IO OPERATION: 0.001457
CPU Time IO OPERATION: 0.001457

Total WC Time: 0.068241
Total CPU Time: 0.068249

ROT-13 SEQ tests
Tamanho do Arquivo: 1276799 
WC Time ALLOCATION: 0.021099
CPU Time ALLOCATION: 0.021102

WC Time ALGORITHM: 0.038633
CPU Time ALGORITHM: 0.038637

WC Time IO OPERATION: 0.001387
CPU Time IO OPERATION: 0.001387

Total WC Time: 0.061119
Total CPU Time: 0.061126

ROT-13 SEQ tests
Tamanho do Arquivo: 1276799 
WC Time ALLOCATION: 0.018511
CPU Time ALLOCATION: 0.018513

WC Time ALGORITHM: 0.037490
CPU Time ALGORITHM: 0.037494

WC Time IO OPERATION: 0.001360
CPU Time IO OPERATION: 0.001360

Total WC Time: 0.057361
Total CPU Time: 0.057367

ROT-13 SEQ tests
Tamanho do Arquivo: 1276799 
WC Time ALLOCATION: 0.018815
CPU Time ALLOCATION: 0.018818

WC Time ALGORITHM: 0.037365
CPU Time ALGORITHM: 0.037370

WC Time IO OPERATION: 0.001464
CPU Time IO OPERATION: 0.001464

Total WC Time: 0.057644
Total CPU Time: 0.057652

ROT-13 SEQ tests
Tamanho do Arquivo: 1276799 
WC Time ALLOCATION: 0.018387
CPU Time ALLOCATION: 0.018389

WC Time ALGORITHM: 0.037619
CPU Time ALGORITHM: 0.037623

WC Time IO OPERATION: 0.001355
CPU Time IO OPERATION: 0.001355

Total WC Time: 0.057361
Total CPU Time: 0.057367

ROT-13 SEQ tests
Tamanho do Arquivo: 1276799 
WC Time ALLOCATION: 0.019842
CPU Time ALLOCATION: 0.019845

WC Time ALGORITHM: 0.038363
CPU Time ALGORITHM: 0.038367

WC Time IO OPERATION: 0.001359
CPU Time IO OPERATION: 0.001359

Total WC Time: 0.059565
Total CPU Time: 0.059571

