DES GPU Tests
Tamanho do Arquivo: 518634 
WC Time ALLOCATION: 0.057186
CPU Time ALLOCATION: 0.055653

WC Time ALGORITHM: 0.144108
CPU Time ALGORITHM: 0.143016

WC Time IO OPERATION: 0.003516
CPU Time IO OPERATION: 0.003503

Total WC Time: 0.204810
Total CPU Time: 0.202172

DES GPU Tests
Tamanho do Arquivo: 518634 
WC Time ALLOCATION: 0.057405
CPU Time ALLOCATION: 0.055764

WC Time ALGORITHM: 0.143073
CPU Time ALGORITHM: 0.142132

WC Time IO OPERATION: 0.003344
CPU Time IO OPERATION: 0.003331

Total WC Time: 0.203822
Total CPU Time: 0.201227

DES GPU Tests
Tamanho do Arquivo: 518634 
WC Time ALLOCATION: 0.060432
CPU Time ALLOCATION: 0.059466

WC Time ALGORITHM: 0.142960
CPU Time ALGORITHM: 0.142200

WC Time IO OPERATION: 0.003819
CPU Time IO OPERATION: 0.003782

Total WC Time: 0.207212
Total CPU Time: 0.205448

