DES GPU Tests
Tamanho do Arquivo: 8904144 
WC Time ALLOCATION: 0.213116
CPU Time ALLOCATION: 0.211549

WC Time ALGORITHM: 2.446470
CPU Time ALGORITHM: 2.428289

WC Time IO OPERATION: 0.059079
CPU Time IO OPERATION: 0.023956

Total WC Time: 2.718666
Total CPU Time: 2.663794

DES GPU Tests
Tamanho do Arquivo: 8904144 
WC Time ALLOCATION: 0.197228
CPU Time ALLOCATION: 0.195673

WC Time ALGORITHM: 2.445683
CPU Time ALGORITHM: 2.435311

WC Time IO OPERATION: 0.025945
CPU Time IO OPERATION: 0.025796

Total WC Time: 2.668857
Total CPU Time: 2.656780

DES GPU Tests
Tamanho do Arquivo: 8904144 
WC Time ALLOCATION: 0.217662
CPU Time ALLOCATION: 0.215230

WC Time ALGORITHM: 2.447613
CPU Time ALGORITHM: 2.438359

WC Time IO OPERATION: 0.026156
CPU Time IO OPERATION: 0.025952

Total WC Time: 2.691431
Total CPU Time: 2.679541

