DES GPU Tests
Tamanho do Arquivo: 4452070 
WC Time ALLOCATION: 0.197870
CPU Time ALLOCATION: 0.151783

WC Time ALGORITHM: 2.245912
CPU Time ALGORITHM: 1.754396

WC Time IO OPERATION: 0.011398
CPU Time IO OPERATION: 0.011398

Total WC Time: 2.455180
Total CPU Time: 1.917577

DES GPU Tests
Tamanho do Arquivo: 4452070 
WC Time ALLOCATION: 0.197198
CPU Time ALLOCATION: 0.152462

WC Time ALGORITHM: 2.242734
CPU Time ALGORITHM: 1.757567

WC Time IO OPERATION: 0.011404
CPU Time IO OPERATION: 0.011404

Total WC Time: 2.451336
Total CPU Time: 1.921433

DES GPU Tests
Tamanho do Arquivo: 4452070 
WC Time ALLOCATION: 0.198045
CPU Time ALLOCATION: 0.152218

WC Time ALGORITHM: 2.239128
CPU Time ALGORITHM: 1.761116

WC Time IO OPERATION: 0.011382
CPU Time IO OPERATION: 0.011381

Total WC Time: 2.448554
Total CPU Time: 1.924715

DES GPU Tests
Tamanho do Arquivo: 4452070 
WC Time ALLOCATION: 0.198124
CPU Time ALLOCATION: 0.152580

WC Time ALGORITHM: 2.234045
CPU Time ALGORITHM: 1.766257

WC Time IO OPERATION: 0.012659
CPU Time IO OPERATION: 0.012659

Total WC Time: 2.444829
Total CPU Time: 1.931496

DES GPU Tests
Tamanho do Arquivo: 4452070 
WC Time ALLOCATION: 0.197195
CPU Time ALLOCATION: 0.152805

WC Time ALGORITHM: 2.241351
CPU Time ALGORITHM: 1.758957

WC Time IO OPERATION: 0.011435
CPU Time IO OPERATION: 0.011435

Total WC Time: 2.449981
Total CPU Time: 1.923197

DES GPU Tests
Tamanho do Arquivo: 4452070 
WC Time ALLOCATION: 1.802731
CPU Time ALLOCATION: 0.151407

WC Time ALGORITHM: 1.754359
CPU Time ALGORITHM: 1.754659

WC Time IO OPERATION: 0.011468
CPU Time IO OPERATION: 0.011468

Total WC Time: 3.568559
Total CPU Time: 1.917534

DES GPU Tests
Tamanho do Arquivo: 4452070 
WC Time ALLOCATION: 0.195014
CPU Time ALLOCATION: 0.147868

WC Time ALGORITHM: 2.240793
CPU Time ALGORITHM: 1.759483

WC Time IO OPERATION: 0.011242
CPU Time IO OPERATION: 0.011242

Total WC Time: 2.447049
Total CPU Time: 1.918593

DES GPU Tests
Tamanho do Arquivo: 4452070 
WC Time ALLOCATION: 1.803983
CPU Time ALLOCATION: 0.150695

WC Time ALGORITHM: 1.755771
CPU Time ALGORITHM: 1.756086

WC Time IO OPERATION: 0.011426
CPU Time IO OPERATION: 0.011425

Total WC Time: 3.571180
Total CPU Time: 1.918206

DES GPU Tests
Tamanho do Arquivo: 4452070 
WC Time ALLOCATION: 0.197324
CPU Time ALLOCATION: 0.150010

WC Time ALGORITHM: 2.241965
CPU Time ALGORITHM: 1.758326

WC Time IO OPERATION: 0.011416
CPU Time IO OPERATION: 0.011416

Total WC Time: 2.450705
Total CPU Time: 1.919752

DES GPU Tests
Tamanho do Arquivo: 4452070 
WC Time ALLOCATION: 0.199705
CPU Time ALLOCATION: 0.149772

WC Time ALGORITHM: 2.243262
CPU Time ALGORITHM: 1.757037

WC Time IO OPERATION: 0.011618
CPU Time IO OPERATION: 0.011618

Total WC Time: 2.454585
Total CPU Time: 1.918427

