DES GPU Tests
Tamanho do Arquivo: 1276799 
WC Time ALLOCATION: 0.070104
CPU Time ALLOCATION: 0.069450

WC Time ALGORITHM: 1.648900
CPU Time ALGORITHM: 0.349877

WC Time IO OPERATION: 0.003123
CPU Time IO OPERATION: 0.003112

Total WC Time: 1.722127
Total CPU Time: 0.422439

DES GPU Tests
Tamanho do Arquivo: 1276799 
WC Time ALLOCATION: 0.072513
CPU Time ALLOCATION: 0.072109

WC Time ALGORITHM: 1.648909
CPU Time ALGORITHM: 0.349411

WC Time IO OPERATION: 0.003223
CPU Time IO OPERATION: 0.003209

Total WC Time: 1.724644
Total CPU Time: 0.424729

DES GPU Tests
Tamanho do Arquivo: 1276799 
WC Time ALLOCATION: 0.067376
CPU Time ALLOCATION: 0.065636

WC Time ALGORITHM: 1.648954
CPU Time ALGORITHM: 0.346177

WC Time IO OPERATION: 0.003952
CPU Time IO OPERATION: 0.003935

Total WC Time: 1.720281
Total CPU Time: 0.415748

