DES GPU Tests
Tamanho do Arquivo: 806878 
WC Time ALLOCATION: 0.062749
CPU Time ALLOCATION: 0.060149

WC Time ALGORITHM: 0.222734
CPU Time ALGORITHM: 0.219287

WC Time IO OPERATION: 0.006235
CPU Time IO OPERATION: 0.006207

Total WC Time: 0.291717
Total CPU Time: 0.285643

DES GPU Tests
Tamanho do Arquivo: 806878 
WC Time ALLOCATION: 0.063721
CPU Time ALLOCATION: 0.062870

WC Time ALGORITHM: 0.222745
CPU Time ALGORITHM: 0.221477

WC Time IO OPERATION: 0.005138
CPU Time IO OPERATION: 0.005117

Total WC Time: 0.291605
Total CPU Time: 0.289464

DES GPU Tests
Tamanho do Arquivo: 806878 
WC Time ALLOCATION: 1.934310
CPU Time ALLOCATION: 0.063384

WC Time ALGORITHM: 0.222297
CPU Time ALGORITHM: 0.220276

WC Time IO OPERATION: 0.004818
CPU Time IO OPERATION: 0.004800

Total WC Time: 2.161425
Total CPU Time: 0.288460

