DES GPU Tests
Tamanho do Arquivo: 1580879 
WC Time ALLOCATION: 1.841600
CPU Time ALLOCATION: 0.110719

WC Time ALGORITHM: 0.627195
CPU Time ALGORITHM: 0.626438

WC Time IO OPERATION: 0.004527
CPU Time IO OPERATION: 0.004526

Total WC Time: 2.473321
Total CPU Time: 0.741683

DES GPU Tests
Tamanho do Arquivo: 1580879 
WC Time ALLOCATION: 0.154489
CPU Time ALLOCATION: 0.109102

WC Time ALGORITHM: 1.372887
CPU Time ALGORITHM: 0.627224

WC Time IO OPERATION: 0.004558
CPU Time IO OPERATION: 0.004557

Total WC Time: 1.531933
Total CPU Time: 0.740883

DES GPU Tests
Tamanho do Arquivo: 1580879 
WC Time ALLOCATION: 0.152406
CPU Time ALLOCATION: 0.105824

WC Time ALGORITHM: 1.372079
CPU Time ALGORITHM: 0.628036

WC Time IO OPERATION: 0.004523
CPU Time IO OPERATION: 0.004522

Total WC Time: 1.529008
Total CPU Time: 0.738382

DES GPU Tests
Tamanho do Arquivo: 1580879 
WC Time ALLOCATION: 0.154325
CPU Time ALLOCATION: 0.109080

WC Time ALGORITHM: 1.373252
CPU Time ALGORITHM: 0.626860

WC Time IO OPERATION: 0.004536
CPU Time IO OPERATION: 0.004536

Total WC Time: 1.532114
Total CPU Time: 0.740476

DES GPU Tests
Tamanho do Arquivo: 1580879 
WC Time ALLOCATION: 0.157411
CPU Time ALLOCATION: 0.110776

WC Time ALGORITHM: 1.372429
CPU Time ALGORITHM: 0.627684

WC Time IO OPERATION: 0.004526
CPU Time IO OPERATION: 0.004526

Total WC Time: 1.534366
Total CPU Time: 0.742986

DES GPU Tests
Tamanho do Arquivo: 1580879 
WC Time ALLOCATION: 0.156217
CPU Time ALLOCATION: 0.109229

WC Time ALGORITHM: 0.628824
CPU Time ALGORITHM: 0.628935

WC Time IO OPERATION: 0.004538
CPU Time IO OPERATION: 0.004537

Total WC Time: 0.789579
Total CPU Time: 0.742701

DES GPU Tests
Tamanho do Arquivo: 1580879 
WC Time ALLOCATION: 0.155406
CPU Time ALLOCATION: 0.106782

WC Time ALGORITHM: 1.374358
CPU Time ALGORITHM: 0.625748

WC Time IO OPERATION: 0.004525
CPU Time IO OPERATION: 0.004525

Total WC Time: 1.534289
Total CPU Time: 0.737055

DES GPU Tests
Tamanho do Arquivo: 1580879 
WC Time ALLOCATION: 0.156268
CPU Time ALLOCATION: 0.111021

WC Time ALGORITHM: 0.626437
CPU Time ALGORITHM: 0.626543

WC Time IO OPERATION: 0.004508
CPU Time IO OPERATION: 0.004506

Total WC Time: 0.787213
Total CPU Time: 0.742070

DES GPU Tests
Tamanho do Arquivo: 1580879 
WC Time ALLOCATION: 0.161920
CPU Time ALLOCATION: 0.114484

WC Time ALGORITHM: 1.373482
CPU Time ALGORITHM: 0.626625

WC Time IO OPERATION: 0.004509
CPU Time IO OPERATION: 0.004508

Total WC Time: 1.539911
Total CPU Time: 0.745617

DES GPU Tests
Tamanho do Arquivo: 1580879 
WC Time ALLOCATION: 0.156210
CPU Time ALLOCATION: 0.111025

WC Time ALGORITHM: 1.374178
CPU Time ALGORITHM: 0.625931

WC Time IO OPERATION: 0.004556
CPU Time IO OPERATION: 0.004555

Total WC Time: 1.534943
Total CPU Time: 0.741511

