AES GPU ECB Test
Tamanho do Arquivo: 40845796 
WC Time ALLOCATION: 1.257703
CPU Time ALLOCATION: 0.697885

WC Time ALGORITHM: 1.177149
CPU Time ALGORITHM: 0.822963

WC Time IO OPERATION: 0.052533
CPU Time IO OPERATION: 0.052553

Total WC Time: 2.487385
Total CPU Time: 1.573401

AES GPU ECB Test
Tamanho do Arquivo: 40845796 
WC Time ALLOCATION: 1.255707
CPU Time ALLOCATION: 0.699301

WC Time ALGORITHM: 1.177354
CPU Time ALGORITHM: 0.822790

WC Time IO OPERATION: 0.074166
CPU Time IO OPERATION: 0.052777

Total WC Time: 2.507228
Total CPU Time: 1.574868

AES GPU ECB Test
Tamanho do Arquivo: 40845796 
WC Time ALLOCATION: 1.247079
CPU Time ALLOCATION: 0.708645

WC Time ALGORITHM: 0.822830
CPU Time ALGORITHM: 0.822979

WC Time IO OPERATION: 1.703074
CPU Time IO OPERATION: 0.053742

Total WC Time: 3.772984
Total CPU Time: 1.585366

AES GPU ECB Test
Tamanho do Arquivo: 40845796 
WC Time ALLOCATION: 1.254292
CPU Time ALLOCATION: 0.699917

WC Time ALGORITHM: 1.177553
CPU Time ALGORITHM: 0.822595

WC Time IO OPERATION: 0.052999
CPU Time IO OPERATION: 0.053017

Total WC Time: 2.484844
Total CPU Time: 1.575529

AES GPU ECB Test
Tamanho do Arquivo: 40845796 
WC Time ALLOCATION: 1.256666
CPU Time ALLOCATION: 0.699095

WC Time ALGORITHM: 1.177028
CPU Time ALGORITHM: 0.823097

WC Time IO OPERATION: 0.052549
CPU Time IO OPERATION: 0.052569

Total WC Time: 2.486243
Total CPU Time: 1.574761

AES GPU ECB Test
Tamanho do Arquivo: 40845796 
WC Time ALLOCATION: 1.257607
CPU Time ALLOCATION: 0.697169

WC Time ALGORITHM: 1.177083
CPU Time ALGORITHM: 0.823056

WC Time IO OPERATION: 0.188566
CPU Time IO OPERATION: 0.055159

Total WC Time: 2.623256
Total CPU Time: 1.575384

AES GPU ECB Test
Tamanho do Arquivo: 40845796 
WC Time ALLOCATION: 1.256260
CPU Time ALLOCATION: 0.698648

WC Time ALGORITHM: 1.177061
CPU Time ALGORITHM: 0.823084

WC Time IO OPERATION: 0.471269
CPU Time IO OPERATION: 0.054021

Total WC Time: 2.904589
Total CPU Time: 1.575753

AES GPU ECB Test
Tamanho do Arquivo: 40845796 
WC Time ALLOCATION: 1.255523
CPU Time ALLOCATION: 0.696714

WC Time ALGORITHM: 0.822660
CPU Time ALGORITHM: 0.822810

WC Time IO OPERATION: 1.748792
CPU Time IO OPERATION: 0.055082

Total WC Time: 3.826975
Total CPU Time: 1.574606

AES GPU ECB Test
Tamanho do Arquivo: 40845796 
WC Time ALLOCATION: 1.257715
CPU Time ALLOCATION: 0.695952

WC Time ALGORITHM: 0.822875
CPU Time ALGORITHM: 0.823021

WC Time IO OPERATION: 1.716518
CPU Time IO OPERATION: 0.057073

Total WC Time: 3.797107
Total CPU Time: 1.576046

AES GPU ECB Test
Tamanho do Arquivo: 40845796 
WC Time ALLOCATION: 1.255974
CPU Time ALLOCATION: 0.696630

WC Time ALGORITHM: 0.822718
CPU Time ALGORITHM: 0.822867

WC Time IO OPERATION: 1.946661
CPU Time IO OPERATION: 0.053352

Total WC Time: 4.025353
Total CPU Time: 1.572849

