AES GPU ECB Test
Tamanho do Arquivo: 518634 
WC Time ALLOCATION: 0.140695
CPU Time ALLOCATION: 0.093316

WC Time ALGORITHM: 0.010969
CPU Time ALGORITHM: 0.010970

WC Time IO OPERATION: 0.002777
CPU Time IO OPERATION: 0.002777

Total WC Time: 0.154441
Total CPU Time: 0.107063

AES GPU ECB Test
Tamanho do Arquivo: 518634 
WC Time ALLOCATION: 0.140497
CPU Time ALLOCATION: 0.091763

WC Time ALGORITHM: 0.010944
CPU Time ALGORITHM: 0.010945

WC Time IO OPERATION: 0.002580
CPU Time IO OPERATION: 0.002580

Total WC Time: 0.154021
Total CPU Time: 0.105288

AES GPU ECB Test
Tamanho do Arquivo: 518634 
WC Time ALLOCATION: 0.141107
CPU Time ALLOCATION: 0.092007

WC Time ALGORITHM: 0.010962
CPU Time ALGORITHM: 0.010962

WC Time IO OPERATION: 0.002607
CPU Time IO OPERATION: 0.002607

Total WC Time: 0.154675
Total CPU Time: 0.105576

AES GPU ECB Test
Tamanho do Arquivo: 518634 
WC Time ALLOCATION: 0.144964
CPU Time ALLOCATION: 0.097880

WC Time ALGORITHM: 0.011007
CPU Time ALGORITHM: 0.011008

WC Time IO OPERATION: 0.003073
CPU Time IO OPERATION: 0.003073

Total WC Time: 0.159044
Total CPU Time: 0.111961

AES GPU ECB Test
Tamanho do Arquivo: 518634 
WC Time ALLOCATION: 0.140698
CPU Time ALLOCATION: 0.095723

WC Time ALGORITHM: 0.010947
CPU Time ALGORITHM: 0.010948

WC Time IO OPERATION: 0.002591
CPU Time IO OPERATION: 0.002591

Total WC Time: 0.154237
Total CPU Time: 0.109262

AES GPU ECB Test
Tamanho do Arquivo: 518634 
WC Time ALLOCATION: 0.142388
CPU Time ALLOCATION: 0.096673

WC Time ALGORITHM: 0.010938
CPU Time ALGORITHM: 0.010939

WC Time IO OPERATION: 0.002660
CPU Time IO OPERATION: 0.002660

Total WC Time: 0.155986
Total CPU Time: 0.110272

AES GPU ECB Test
Tamanho do Arquivo: 518634 
WC Time ALLOCATION: 0.139182
CPU Time ALLOCATION: 0.094992

WC Time ALGORITHM: 0.010969
CPU Time ALGORITHM: 0.010970

WC Time IO OPERATION: 0.002600
CPU Time IO OPERATION: 0.002600

Total WC Time: 0.152751
Total CPU Time: 0.108562

AES GPU ECB Test
Tamanho do Arquivo: 518634 
WC Time ALLOCATION: 0.141424
CPU Time ALLOCATION: 0.093093

WC Time ALGORITHM: 0.010947
CPU Time ALGORITHM: 0.010948

WC Time IO OPERATION: 0.002614
CPU Time IO OPERATION: 0.002614

Total WC Time: 0.154985
Total CPU Time: 0.106655

AES GPU ECB Test
Tamanho do Arquivo: 518634 
WC Time ALLOCATION: 0.142102
CPU Time ALLOCATION: 0.095863

WC Time ALGORITHM: 0.010952
CPU Time ALGORITHM: 0.010953

WC Time IO OPERATION: 0.002660
CPU Time IO OPERATION: 0.002660

Total WC Time: 0.155714
Total CPU Time: 0.109476

AES GPU ECB Test
Tamanho do Arquivo: 518634 
WC Time ALLOCATION: 0.143542
CPU Time ALLOCATION: 0.097282

WC Time ALGORITHM: 0.010951
CPU Time ALGORITHM: 0.010952

WC Time IO OPERATION: 0.002897
CPU Time IO OPERATION: 0.002897

Total WC Time: 0.157390
Total CPU Time: 0.111131

