AES GPU ECB Test
Tamanho do Arquivo: 32164470 
WC Time ALLOCATION: 0.611414
CPU Time ALLOCATION: 0.609507

WC Time ALGORITHM: 1.071009
CPU Time ALGORITHM: 1.068770

WC Time IO OPERATION: 0.049225
CPU Time IO OPERATION: 0.047858

Total WC Time: 1.731648
Total CPU Time: 1.726135

AES GPU ECB Test
Tamanho do Arquivo: 32164470 
WC Time ALLOCATION: 1.383857
CPU Time ALLOCATION: 0.611352

WC Time ALGORITHM: 1.069988
CPU Time ALGORITHM: 1.065173

WC Time IO OPERATION: 0.046183
CPU Time IO OPERATION: 0.045941

Total WC Time: 2.500028
Total CPU Time: 1.722466

AES GPU ECB Test
Tamanho do Arquivo: 32164470 
WC Time ALLOCATION: 1.409759
CPU Time ALLOCATION: 0.586297

WC Time ALGORITHM: 1.072630
CPU Time ALGORITHM: 1.068157

WC Time IO OPERATION: 0.050168
CPU Time IO OPERATION: 0.049751

Total WC Time: 2.532557
Total CPU Time: 1.704205

