AES GPU ECB Test
Tamanho do Arquivo: 12910034 
WC Time ALLOCATION: 0.326803
CPU Time ALLOCATION: 0.281039

WC Time ALGORITHM: 1.735678
CPU Time ALGORITHM: 0.264368

WC Time IO OPERATION: 0.014648
CPU Time IO OPERATION: 0.014649

Total WC Time: 2.077129
Total CPU Time: 0.560056

AES GPU ECB Test
Tamanho do Arquivo: 12910034 
WC Time ALLOCATION: 0.324795
CPU Time ALLOCATION: 0.276984

WC Time ALGORITHM: 1.736039
CPU Time ALGORITHM: 0.264009

WC Time IO OPERATION: 0.018304
CPU Time IO OPERATION: 0.018304

Total WC Time: 2.079137
Total CPU Time: 0.559297

AES GPU ECB Test
Tamanho do Arquivo: 12910034 
WC Time ALLOCATION: 0.324335
CPU Time ALLOCATION: 0.279096

WC Time ALGORITHM: 0.264101
CPU Time ALGORITHM: 0.264142

WC Time IO OPERATION: 0.035670
CPU Time IO OPERATION: 0.015177

Total WC Time: 0.624106
Total CPU Time: 0.558415

AES GPU ECB Test
Tamanho do Arquivo: 12910034 
WC Time ALLOCATION: 0.326880
CPU Time ALLOCATION: 0.282047

WC Time ALGORITHM: 0.264068
CPU Time ALGORITHM: 0.264109

WC Time IO OPERATION: 0.015100
CPU Time IO OPERATION: 0.015100

Total WC Time: 0.606048
Total CPU Time: 0.561256

AES GPU ECB Test
Tamanho do Arquivo: 12910034 
WC Time ALLOCATION: 0.325156
CPU Time ALLOCATION: 0.280445

WC Time ALGORITHM: 0.264126
CPU Time ALGORITHM: 0.264166

WC Time IO OPERATION: 1.985363
CPU Time IO OPERATION: 0.014637

Total WC Time: 2.574646
Total CPU Time: 0.559248

AES GPU ECB Test
Tamanho do Arquivo: 12910034 
WC Time ALLOCATION: 0.326952
CPU Time ALLOCATION: 0.281064

WC Time ALGORITHM: 1.735786
CPU Time ALGORITHM: 0.264258

WC Time IO OPERATION: 0.014785
CPU Time IO OPERATION: 0.014786

Total WC Time: 2.077524
Total CPU Time: 0.560108

AES GPU ECB Test
Tamanho do Arquivo: 12910034 
WC Time ALLOCATION: 0.325594
CPU Time ALLOCATION: 0.277835

WC Time ALGORITHM: 1.735887
CPU Time ALGORITHM: 0.264154

WC Time IO OPERATION: 0.133396
CPU Time IO OPERATION: 0.015249

Total WC Time: 2.194877
Total CPU Time: 0.557238

AES GPU ECB Test
Tamanho do Arquivo: 12910034 
WC Time ALLOCATION: 0.327563
CPU Time ALLOCATION: 0.281972

WC Time ALGORITHM: 0.264231
CPU Time ALGORITHM: 0.264273

WC Time IO OPERATION: 1.985276
CPU Time IO OPERATION: 0.014725

Total WC Time: 2.577070
Total CPU Time: 0.560970

AES GPU ECB Test
Tamanho do Arquivo: 12910034 
WC Time ALLOCATION: 0.323644
CPU Time ALLOCATION: 0.278968

WC Time ALGORITHM: 0.264047
CPU Time ALGORITHM: 0.264086

WC Time IO OPERATION: 1.832027
CPU Time IO OPERATION: 0.015019

Total WC Time: 2.419718
Total CPU Time: 0.558073

AES GPU ECB Test
Tamanho do Arquivo: 12910034 
WC Time ALLOCATION: 0.326421
CPU Time ALLOCATION: 0.280534

WC Time ALGORITHM: 0.264071
CPU Time ALGORITHM: 0.264112

WC Time IO OPERATION: 0.015292
CPU Time IO OPERATION: 0.015292

Total WC Time: 0.605784
Total CPU Time: 0.559938

