AES GPU ECB Test
Tamanho do Arquivo: 4452070 
WC Time ALLOCATION: 0.198477
CPU Time ALLOCATION: 0.150346

WC Time ALGORITHM: 0.090877
CPU Time ALGORITHM: 0.090893

WC Time IO OPERATION: 0.005510
CPU Time IO OPERATION: 0.005509

Total WC Time: 0.294864
Total CPU Time: 0.246748

AES GPU ECB Test
Tamanho do Arquivo: 4452070 
WC Time ALLOCATION: 0.200223
CPU Time ALLOCATION: 0.155053

WC Time ALGORITHM: 0.090871
CPU Time ALGORITHM: 0.090892

WC Time IO OPERATION: 0.005401
CPU Time IO OPERATION: 0.005400

Total WC Time: 0.296494
Total CPU Time: 0.251345

AES GPU ECB Test
Tamanho do Arquivo: 4452070 
WC Time ALLOCATION: 0.198263
CPU Time ALLOCATION: 0.150422

WC Time ALGORITHM: 0.090848
CPU Time ALGORITHM: 0.090870

WC Time IO OPERATION: 0.005557
CPU Time IO OPERATION: 0.005557

Total WC Time: 0.294668
Total CPU Time: 0.246849

AES GPU ECB Test
Tamanho do Arquivo: 4452070 
WC Time ALLOCATION: 0.200421
CPU Time ALLOCATION: 0.155081

WC Time ALGORITHM: 0.090923
CPU Time ALGORITHM: 0.090947

WC Time IO OPERATION: 0.012309
CPU Time IO OPERATION: 0.006672

Total WC Time: 0.303653
Total CPU Time: 0.252700

AES GPU ECB Test
Tamanho do Arquivo: 4452070 
WC Time ALLOCATION: 0.203125
CPU Time ALLOCATION: 0.156046

WC Time ALGORITHM: 0.090820
CPU Time ALGORITHM: 0.090842

WC Time IO OPERATION: 0.005659
CPU Time IO OPERATION: 0.005658

Total WC Time: 0.299604
Total CPU Time: 0.252546

AES GPU ECB Test
Tamanho do Arquivo: 4452070 
WC Time ALLOCATION: 0.199334
CPU Time ALLOCATION: 0.151901

WC Time ALGORITHM: 0.090914
CPU Time ALGORITHM: 0.090935

WC Time IO OPERATION: 0.005472
CPU Time IO OPERATION: 0.005472

Total WC Time: 0.295721
Total CPU Time: 0.248308

AES GPU ECB Test
Tamanho do Arquivo: 4452070 
WC Time ALLOCATION: 0.198887
CPU Time ALLOCATION: 0.154248

WC Time ALGORITHM: 0.090887
CPU Time ALGORITHM: 0.090909

WC Time IO OPERATION: 0.005405
CPU Time IO OPERATION: 0.005404

Total WC Time: 0.295180
Total CPU Time: 0.250561

AES GPU ECB Test
Tamanho do Arquivo: 4452070 
WC Time ALLOCATION: 0.198501
CPU Time ALLOCATION: 0.151213

WC Time ALGORITHM: 0.090777
CPU Time ALGORITHM: 0.090798

WC Time IO OPERATION: 0.005670
CPU Time IO OPERATION: 0.005669

Total WC Time: 0.294948
Total CPU Time: 0.247680

AES GPU ECB Test
Tamanho do Arquivo: 4452070 
WC Time ALLOCATION: 0.196703
CPU Time ALLOCATION: 0.149816

WC Time ALGORITHM: 0.090941
CPU Time ALGORITHM: 0.090962

WC Time IO OPERATION: 0.005363
CPU Time IO OPERATION: 0.005363

Total WC Time: 0.293007
Total CPU Time: 0.246141

AES GPU ECB Test
Tamanho do Arquivo: 4452070 
WC Time ALLOCATION: 0.198156
CPU Time ALLOCATION: 0.150648

WC Time ALGORITHM: 0.090839
CPU Time ALGORITHM: 0.090860

WC Time IO OPERATION: 0.005367
CPU Time IO OPERATION: 0.005367

Total WC Time: 0.294363
Total CPU Time: 0.246875

