AES GPU ECB Test
Tamanho do Arquivo: 1276799 
WC Time ALLOCATION: 0.072897
CPU Time ALLOCATION: 0.072658

WC Time ALGORITHM: 0.042353
CPU Time ALGORITHM: 0.042255

WC Time IO OPERATION: 0.001758
CPU Time IO OPERATION: 0.001747

Total WC Time: 0.117007
Total CPU Time: 0.116660

AES GPU ECB Test
Tamanho do Arquivo: 1276799 
WC Time ALLOCATION: 0.069262
CPU Time ALLOCATION: 0.068591

WC Time ALGORITHM: 0.042350
CPU Time ALGORITHM: 0.042080

WC Time IO OPERATION: 0.001815
CPU Time IO OPERATION: 0.001805

Total WC Time: 0.113427
Total CPU Time: 0.112476

AES GPU ECB Test
Tamanho do Arquivo: 1276799 
WC Time ALLOCATION: 0.075471
CPU Time ALLOCATION: 0.074346

WC Time ALGORITHM: 0.042367
CPU Time ALGORITHM: 0.042059

WC Time IO OPERATION: 0.002291
CPU Time IO OPERATION: 0.002279

Total WC Time: 0.120129
Total CPU Time: 0.118684

