AES GPU ECB Test
Tamanho do Arquivo: 8904144 
WC Time ALLOCATION: 1.734179
CPU Time ALLOCATION: 0.217691

WC Time ALGORITHM: 0.181191
CPU Time ALGORITHM: 0.181230

WC Time IO OPERATION: 0.011290
CPU Time IO OPERATION: 0.011290

Total WC Time: 1.926660
Total CPU Time: 0.410211

AES GPU ECB Test
Tamanho do Arquivo: 8904144 
WC Time ALLOCATION: 0.264625
CPU Time ALLOCATION: 0.219601

WC Time ALGORITHM: 1.818844
CPU Time ALGORITHM: 0.181188

WC Time IO OPERATION: 0.011081
CPU Time IO OPERATION: 0.011081

Total WC Time: 2.094549
Total CPU Time: 0.411870

AES GPU ECB Test
Tamanho do Arquivo: 8904144 
WC Time ALLOCATION: 0.266341
CPU Time ALLOCATION: 0.218458

WC Time ALGORITHM: 0.181182
CPU Time ALGORITHM: 0.181218

WC Time IO OPERATION: 0.011181
CPU Time IO OPERATION: 0.011181

Total WC Time: 0.458704
Total CPU Time: 0.410857

AES GPU ECB Test
Tamanho do Arquivo: 8904144 
WC Time ALLOCATION: 0.265472
CPU Time ALLOCATION: 0.218647

WC Time ALGORITHM: 1.818801
CPU Time ALGORITHM: 0.181224

WC Time IO OPERATION: 0.011109
CPU Time IO OPERATION: 0.011109

Total WC Time: 2.095382
Total CPU Time: 0.410980

AES GPU ECB Test
Tamanho do Arquivo: 8904144 
WC Time ALLOCATION: 0.265675
CPU Time ALLOCATION: 0.218000

WC Time ALGORITHM: 1.818664
CPU Time ALGORITHM: 0.181373

WC Time IO OPERATION: 0.149646
CPU Time IO OPERATION: 0.011551

Total WC Time: 2.233985
Total CPU Time: 0.410924

AES GPU ECB Test
Tamanho do Arquivo: 8904144 
WC Time ALLOCATION: 0.269643
CPU Time ALLOCATION: 0.225059

WC Time ALGORITHM: 1.818898
CPU Time ALGORITHM: 0.181136

WC Time IO OPERATION: 0.011183
CPU Time IO OPERATION: 0.011183

Total WC Time: 2.099724
Total CPU Time: 0.417378

AES GPU ECB Test
Tamanho do Arquivo: 8904144 
WC Time ALLOCATION: 0.263973
CPU Time ALLOCATION: 0.217680

WC Time ALGORITHM: 1.818912
CPU Time ALGORITHM: 0.181125

WC Time IO OPERATION: 0.011166
CPU Time IO OPERATION: 0.011167

Total WC Time: 2.094051
Total CPU Time: 0.409972

AES GPU ECB Test
Tamanho do Arquivo: 8904144 
WC Time ALLOCATION: 0.268283
CPU Time ALLOCATION: 0.220423

WC Time ALGORITHM: 1.818653
CPU Time ALGORITHM: 0.181385

WC Time IO OPERATION: 0.011066
CPU Time IO OPERATION: 0.011065

Total WC Time: 2.098001
Total CPU Time: 0.412873

AES GPU ECB Test
Tamanho do Arquivo: 8904144 
WC Time ALLOCATION: 0.266760
CPU Time ALLOCATION: 0.218273

WC Time ALGORITHM: 1.818831
CPU Time ALGORITHM: 0.181206

WC Time IO OPERATION: 0.011185
CPU Time IO OPERATION: 0.011185

Total WC Time: 2.096776
Total CPU Time: 0.410664

AES GPU ECB Test
Tamanho do Arquivo: 8904144 
WC Time ALLOCATION: 0.267476
CPU Time ALLOCATION: 0.220511

WC Time ALGORITHM: 0.181112
CPU Time ALGORITHM: 0.181132

WC Time IO OPERATION: 0.011115
CPU Time IO OPERATION: 0.011115

Total WC Time: 0.459704
Total CPU Time: 0.412758

