AES GPU ECB Test
Tamanho do Arquivo: 806878 
WC Time ALLOCATION: 0.145122
CPU Time ALLOCATION: 0.097489

WC Time ALGORITHM: 0.016874
CPU Time ALGORITHM: 0.016874

WC Time IO OPERATION: 0.455607
CPU Time IO OPERATION: 0.019915

Total WC Time: 0.617602
Total CPU Time: 0.134278

AES GPU ECB Test
Tamanho do Arquivo: 806878 
WC Time ALLOCATION: 0.146077
CPU Time ALLOCATION: 0.100433

WC Time ALGORITHM: 0.016866
CPU Time ALGORITHM: 0.016867

WC Time IO OPERATION: 0.501192
CPU Time IO OPERATION: 0.024688

Total WC Time: 0.664134
Total CPU Time: 0.141988

AES GPU ECB Test
Tamanho do Arquivo: 806878 
WC Time ALLOCATION: 0.144892
CPU Time ALLOCATION: 0.098928

WC Time ALGORITHM: 0.016854
CPU Time ALGORITHM: 0.016855

WC Time IO OPERATION: 0.281647
CPU Time IO OPERATION: 0.014891

Total WC Time: 0.443393
Total CPU Time: 0.130674

AES GPU ECB Test
Tamanho do Arquivo: 806878 
WC Time ALLOCATION: 0.145439
CPU Time ALLOCATION: 0.101026

WC Time ALGORITHM: 0.016925
CPU Time ALGORITHM: 0.016927

WC Time IO OPERATION: 0.456654
CPU Time IO OPERATION: 0.018952

Total WC Time: 0.619018
Total CPU Time: 0.136905

AES GPU ECB Test
Tamanho do Arquivo: 806878 
WC Time ALLOCATION: 0.146925
CPU Time ALLOCATION: 0.101903

WC Time ALGORITHM: 0.016868
CPU Time ALGORITHM: 0.016869

WC Time IO OPERATION: 0.447776
CPU Time IO OPERATION: 0.019561

Total WC Time: 0.611568
Total CPU Time: 0.138333

AES GPU ECB Test
Tamanho do Arquivo: 806878 
WC Time ALLOCATION: 0.145558
CPU Time ALLOCATION: 0.095491

WC Time ALGORITHM: 0.016849
CPU Time ALGORITHM: 0.016850

WC Time IO OPERATION: 0.384528
CPU Time IO OPERATION: 0.017730

Total WC Time: 0.546935
Total CPU Time: 0.130071

AES GPU ECB Test
Tamanho do Arquivo: 806878 
WC Time ALLOCATION: 0.144874
CPU Time ALLOCATION: 0.096824

WC Time ALGORITHM: 0.016892
CPU Time ALGORITHM: 0.016893

WC Time IO OPERATION: 0.126126
CPU Time IO OPERATION: 0.012236

Total WC Time: 0.287891
Total CPU Time: 0.125953

AES GPU ECB Test
Tamanho do Arquivo: 806878 
WC Time ALLOCATION: 0.145773
CPU Time ALLOCATION: 0.100555

WC Time ALGORITHM: 0.016878
CPU Time ALGORITHM: 0.016879

WC Time IO OPERATION: 0.335194
CPU Time IO OPERATION: 0.016373

Total WC Time: 0.497845
Total CPU Time: 0.133807

AES GPU ECB Test
Tamanho do Arquivo: 806878 
WC Time ALLOCATION: 0.153955
CPU Time ALLOCATION: 0.107400

WC Time ALGORITHM: 0.016926
CPU Time ALGORITHM: 0.016927

WC Time IO OPERATION: 0.254205
CPU Time IO OPERATION: 0.015981

Total WC Time: 0.425086
Total CPU Time: 0.140308

AES GPU ECB Test
Tamanho do Arquivo: 806878 
WC Time ALLOCATION: 0.146673
CPU Time ALLOCATION: 0.101744

WC Time ALGORITHM: 0.016895
CPU Time ALGORITHM: 0.016896

WC Time IO OPERATION: 0.452740
CPU Time IO OPERATION: 0.018578

Total WC Time: 0.616308
Total CPU Time: 0.137218

