AES GPU ECB Test
Tamanho do Arquivo: 1580879 
WC Time ALLOCATION: 0.155155
CPU Time ALLOCATION: 0.109676

WC Time ALGORITHM: 0.032490
CPU Time ALGORITHM: 0.032492

WC Time IO OPERATION: 0.002084
CPU Time IO OPERATION: 0.002083

Total WC Time: 0.189729
Total CPU Time: 0.144251

AES GPU ECB Test
Tamanho do Arquivo: 1580879 
WC Time ALLOCATION: 0.158028
CPU Time ALLOCATION: 0.111349

WC Time ALGORITHM: 0.032498
CPU Time ALGORITHM: 0.032500

WC Time IO OPERATION: 0.002108
CPU Time IO OPERATION: 0.002108

Total WC Time: 0.192635
Total CPU Time: 0.145957

AES GPU ECB Test
Tamanho do Arquivo: 1580879 
WC Time ALLOCATION: 1.841419
CPU Time ALLOCATION: 0.113698

WC Time ALGORITHM: 0.032580
CPU Time ALGORITHM: 0.032582

WC Time IO OPERATION: 0.002652
CPU Time IO OPERATION: 0.002651

Total WC Time: 1.876651
Total CPU Time: 0.148931

AES GPU ECB Test
Tamanho do Arquivo: 1580879 
WC Time ALLOCATION: 0.159605
CPU Time ALLOCATION: 0.111563

WC Time ALGORITHM: 0.032476
CPU Time ALGORITHM: 0.032478

WC Time IO OPERATION: 0.002087
CPU Time IO OPERATION: 0.002087

Total WC Time: 0.194169
Total CPU Time: 0.146128

AES GPU ECB Test
Tamanho do Arquivo: 1580879 
WC Time ALLOCATION: 0.157906
CPU Time ALLOCATION: 0.110503

WC Time ALGORITHM: 0.032564
CPU Time ALGORITHM: 0.032565

WC Time IO OPERATION: 0.002103
CPU Time IO OPERATION: 0.002103

Total WC Time: 0.192573
Total CPU Time: 0.145171

AES GPU ECB Test
Tamanho do Arquivo: 1580879 
WC Time ALLOCATION: 0.158581
CPU Time ALLOCATION: 0.113787

WC Time ALGORITHM: 0.032504
CPU Time ALGORITHM: 0.032506

WC Time IO OPERATION: 0.002039
CPU Time IO OPERATION: 0.002038

Total WC Time: 0.193124
Total CPU Time: 0.148331

AES GPU ECB Test
Tamanho do Arquivo: 1580879 
WC Time ALLOCATION: 0.162288
CPU Time ALLOCATION: 0.115256

WC Time ALGORITHM: 0.032567
CPU Time ALGORITHM: 0.032569

WC Time IO OPERATION: 0.002743
CPU Time IO OPERATION: 0.002743

Total WC Time: 0.197599
Total CPU Time: 0.150568

AES GPU ECB Test
Tamanho do Arquivo: 1580879 
WC Time ALLOCATION: 0.172509
CPU Time ALLOCATION: 0.127455

WC Time ALGORITHM: 0.032514
CPU Time ALGORITHM: 0.032516

WC Time IO OPERATION: 0.002122
CPU Time IO OPERATION: 0.002122

Total WC Time: 0.207146
Total CPU Time: 0.162093

AES GPU ECB Test
Tamanho do Arquivo: 1580879 
WC Time ALLOCATION: 0.161879
CPU Time ALLOCATION: 0.116793

WC Time ALGORITHM: 0.032492
CPU Time ALGORITHM: 0.032494

WC Time IO OPERATION: 0.002108
CPU Time IO OPERATION: 0.002107

Total WC Time: 0.196478
Total CPU Time: 0.151394

AES GPU ECB Test
Tamanho do Arquivo: 1580879 
WC Time ALLOCATION: 1.842059
CPU Time ALLOCATION: 0.110884

WC Time ALGORITHM: 0.032476
CPU Time ALGORITHM: 0.032478

WC Time IO OPERATION: 0.002036
CPU Time IO OPERATION: 0.002036

Total WC Time: 1.876571
Total CPU Time: 0.145398

